# This file contains the data of final population
# of objectives = 2, # of constraints = 4, # of real_var = 9, # of bits of bin_var = 0, constr_violation, rank, crowding_distance
1.545332e-02	-1.102583e-03	5.675742e-02	2.271212e-06	0.000000e+00	0.000000e+00	7.081648e-02	3.746821e-01	5.194505e-02	7.558829e-02	1.183172e-09	1.585348e-01	2.116759e-01	5.675742e-02	1.100312e-03	0.000000e+00	1	1.000000e+14
1.846132e-02	-1.570636e-03	1.245377e-03	4.144231e-04	0.000000e+00	0.000000e+00	1.300019e-05	7.315603e-01	2.612601e-01	7.612931e-06	5.003234e-05	5.576509e-03	2.870598e-04	1.245377e-03	1.156213e-03	0.000000e+00	1	1.000000e+14
1.832482e-02	-1.565018e-03	3.450805e-04	4.434940e-04	0.000000e+00	0.000000e+00	1.064962e-03	7.217824e-01	2.560521e-01	2.077178e-04	3.164283e-04	2.020152e-02	2.981024e-05	3.450805e-04	1.121524e-03	0.000000e+00	1	1.544547e-02
1.838634e-02	-1.566149e-03	3.570029e-03	4.211573e-04	0.000000e+00	0.000000e+00	3.535064e-05	7.036647e-01	2.850533e-01	1.977334e-05	7.823083e-08	7.374052e-03	2.827401e-04	3.570029e-03	1.144992e-03	0.000000e+00	1	1.527688e-02
1.676995e-02	-1.462068e-03	3.074810e-03	3.506837e-04	0.000000e+00	0.000000e+00	6.434502e-04	5.683237e-01	1.633945e-01	3.584516e-02	8.620246e-07	2.284404e-01	2.771243e-04	3.074810e-03	1.111385e-03	0.000000e+00	1	1.499567e-02
1.812915e-02	-1.556850e-03	1.780292e-03	4.138448e-04	0.000000e+00	0.000000e+00	3.566037e-05	6.968686e-01	2.612601e-01	9.950644e-06	8.349268e-08	3.975825e-02	2.870598e-04	1.780292e-03	1.143006e-03	0.000000e+00	1	1.469707e-02
1.666199e-02	-1.446418e-03	9.574382e-03	3.011010e-04	0.000000e+00	0.000000e+00	1.041638e-03	5.478026e-01	1.617634e-01	4.266517e-02	1.402171e-06	2.371502e-01	1.292969e-06	9.574382e-03	1.145317e-03	0.000000e+00	1	1.451797e-02
1.680451e-02	-1.465649e-03	4.742374e-03	1.635373e-04	0.000000e+00	0.000000e+00	2.167293e-04	5.746728e-01	1.526809e-01	1.593053e-02	7.915759e-06	2.516503e-01	9.847264e-05	4.742374e-03	1.302112e-03	0.000000e+00	1	1.433490e-02
1.631447e-02	-1.388046e-03	3.217936e-02	2.709122e-04	0.000000e+00	0.000000e+00	2.433700e-03	5.140649e-01	1.378496e-01	4.408817e-02	1.975650e-08	2.455319e-01	2.385243e-02	3.217936e-02	1.117134e-03	0.000000e+00	1	1.414703e-02
1.702741e-02	-1.490134e-03	1.324303e-03	1.627596e-04	0.000000e+00	0.000000e+00	1.044213e-04	5.701369e-01	2.111121e-01	1.856281e-03	1.322787e-06	2.146650e-01	7.997132e-04	1.324303e-03	1.327374e-03	0.000000e+00	1	1.407049e-02
1.595332e-02	-1.317818e-03	3.954169e-02	1.141662e-04	0.000000e+00	0.000000e+00	6.683479e-03	4.939984e-01	1.160027e-01	5.158993e-02	1.960392e-07	2.088519e-01	8.333169e-02	3.954169e-02	1.203652e-03	0.000000e+00	1	1.405045e-02
1.549355e-02	-1.157102e-03	4.924847e-02	5.648336e-05	0.000000e+00	0.000000e+00	6.086760e-02	4.141820e-01	5.997290e-02	6.999838e-02	5.704924e-08	1.661796e-01	1.795510e-01	4.924847e-02	1.100618e-03	0.000000e+00	1	1.405044e-02
1.831101e-02	-1.563412e-03	1.635200e-03	4.427950e-04	0.000000e+00	0.000000e+00	1.045543e-03	7.214593e-01	2.549118e-01	2.148329e-04	3.569228e-04	2.034312e-02	3.328744e-05	1.635200e-03	1.120617e-03	0.000000e+00	1	1.401605e-02
1.626914e-02	-1.382208e-03	2.504781e-02	2.046865e-04	0.000000e+00	0.000000e+00	2.501534e-04	5.271719e-01	1.329595e-01	4.371928e-02	1.227698e-06	2.257824e-01	4.506772e-02	2.504781e-02	1.177522e-03	0.000000e+00	1	1.387083e-02
1.628202e-02	-1.385179e-03	1.675112e-02	2.418870e-04	0.000000e+00	0.000000e+00	1.823009e-03	5.220441e-01	1.329595e-01	4.702028e-02	6.996741e-07	2.343336e-01	4.506772e-02	1.675112e-02	1.143292e-03	0.000000e+00	1	1.377026e-02
1.790821e-02	-1.546890e-03	2.631000e-04	4.466937e-04	0.000000e+00	0.000000e+00	1.102561e-03	7.011832e-01	2.243648e-01	2.377459e-06	2.573900e-06	7.306605e-02	1.540021e-05	2.631000e-04	1.100196e-03	0.000000e+00	1	1.371998e-02
1.624546e-02	-1.377883e-03	1.642724e-02	2.345907e-04	0.000000e+00	0.000000e+00	9.994994e-03	5.182677e-01	1.329595e-01	5.510786e-02	6.996741e-07	2.221743e-01	4.506772e-02	1.642724e-02	1.143292e-03	0.000000e+00	1	1.366627e-02
1.724144e-02	-1.509532e-03	1.371725e-03	3.542897e-04	0.000000e+00	0.000000e+00	1.016018e-05	6.241865e-01	2.033401e-01	8.583376e-05	3.064394e-07	1.710003e-01	5.207339e-06	1.371725e-03	1.155242e-03	0.000000e+00	1	1.350040e-02
1.706085e-02	-1.494917e-03	9.340333e-04	3.801022e-04	0.000000e+00	0.000000e+00	9.098895e-07	5.980001e-01	1.908787e-01	2.215221e-05	1.378534e-07	2.093523e-01	8.117409e-04	9.340333e-04	1.114815e-03	0.000000e+00	1	1.340036e-02
1.555028e-02	-1.190890e-03	5.177162e-02	7.772840e-05	0.000000e+00	0.000000e+00	5.121163e-02	4.246698e-01	7.482743e-02	5.637362e-02	1.828750e-06	1.857907e-01	1.553533e-01	5.177162e-02	1.113162e-03	0.000000e+00	1	1.330696e-02
1.774811e-02	-1.536722e-03	3.960739e-03	4.343063e-04	0.000000e+00	0.000000e+00	8.547040e-05	6.832193e-01	2.246010e-01	1.194999e-05	1.148499e-06	8.704222e-02	1.078163e-03	3.960739e-03	1.102416e-03	0.000000e+00	1	1.324348e-02
1.548701e-02	-1.150497e-03	4.088427e-02	5.046139e-05	0.000000e+00	0.000000e+00	5.693013e-02	4.100784e-01	6.073627e-02	6.259900e-02	6.509226e-04	1.689393e-01	1.991817e-01	4.088427e-02	1.100036e-03	0.000000e+00	1	1.320455e-02
1.643102e-02	-1.410514e-03	4.760720e-04	3.070803e-04	0.000000e+00	0.000000e+00	6.389104e-05	5.315986e-01	1.532330e-01	4.371928e-02	2.654735e-05	2.258149e-01	4.506772e-02	4.760720e-04	1.103434e-03	0.000000e+00	1	1.299257e-02
1.686807e-02	-1.474622e-03	5.463563e-04	3.250406e-04	0.000000e+00	0.000000e+00	6.460824e-04	5.660864e-01	1.834831e-01	2.076187e-02	3.474493e-06	2.284404e-01	3.222178e-05	5.463563e-04	1.149582e-03	0.000000e+00	1	1.292178e-02
1.651723e-02	-1.424229e-03	3.533314e-03	2.507556e-04	0.000000e+00	0.000000e+00	8.748550e-05	5.345579e-01	1.639207e-01	3.833719e-02	1.477801e-05	2.274379e-01	3.211069e-02	3.533314e-03	1.173474e-03	0.000000e+00	1	1.288906e-02
1.712234e-02	-1.499312e-03	2.647178e-03	2.960043e-04	0.000000e+00	0.000000e+00	1.041366e-03	6.023628e-01	2.033223e-01	8.278518e-04	2.538017e-06	1.897180e-01	7.795221e-05	2.647178e-03	1.203308e-03	0.000000e+00	1	1.284938e-02
1.664188e-02	-1.442943e-03	1.176426e-02	3.094494e-04	0.000000e+00	0.000000e+00	2.091007e-03	5.575467e-01	1.466512e-01	4.171400e-02	4.745593e-08	2.400341e-01	1.986888e-04	1.176426e-02	1.133493e-03	0.000000e+00	1	1.270615e-02
1.769694e-02	-1.533397e-03	5.727527e-03	2.846515e-04	0.000000e+00	0.000000e+00	3.131140e-05	6.811170e-01	2.193426e-01	4.117903e-04	1.965648e-05	9.334570e-02	4.348964e-06	5.727527e-03	1.248745e-03	0.000000e+00	1	1.262330e-02
1.785877e-02	-1.545509e-03	6.047715e-05	4.447349e-04	0.000000e+00	0.000000e+00	4.945317e-04	6.840742e-01	2.387085e-01	2.372698e-04	3.664449e-06	7.639031e-02	3.098818e-05	6.047715e-05	1.100774e-03	0.000000e+00	1	1.253226e-02
1.760792e-02	-1.530718e-03	9.731697e-04	4.297671e-04	0.000000e+00	0.000000e+00	1.016091e-04	6.840742e-01	1.973482e-01	8.171360e-04	5.102755e-07	1.166546e-01	3.050471e-05	9.731697e-04	1.100951e-03	0.000000e+00	1	1.238842e-02
1.608530e-02	-1.346992e-03	2.602959e-02	2.319179e-04	0.000000e+00	0.000000e+00	3.973690e-05	4.987218e-01	1.334900e-01	5.928258e-02	5.527171e-08	2.120261e-01	7.041012e-02	2.602959e-02	1.115074e-03	0.000000e+00	1	1.230312e-02
1.727219e-02	-1.512008e-03	7.703221e-04	3.348940e-04	0.000000e+00	0.000000e+00	1.065929e-04	6.260374e-01	2.071966e-01	1.053632e-05	1.923843e-07	1.658581e-01	2.026493e-05	7.703221e-04	1.177114e-03	0.000000e+00	1	1.225687e-02
1.709810e-02	-1.497799e-03	1.617911e-03	3.573371e-04	0.000000e+00	0.000000e+00	1.036557e-05	6.033309e-01	1.963069e-01	2.843186e-03	1.631261e-04	1.957177e-01	9.855315e-06	1.617911e-03	1.140461e-03	0.000000e+00	1	1.218270e-02
1.758525e-02	-1.528215e-03	1.741976e-03	4.272635e-04	0.000000e+00	0.000000e+00	1.016091e-04	6.840742e-01	1.938843e-01	3.261242e-03	5.102755e-07	1.169057e-01	3.050471e-05	1.741976e-03	1.100951e-03	0.000000e+00	1	1.217939e-02
1.594328e-02	-1.313071e-03	2.500649e-02	1.369801e-04	0.000000e+00	0.000000e+00	2.068767e-03	4.830904e-01	1.057143e-01	3.585335e-02	2.686876e-07	2.446767e-01	1.035897e-01	2.500649e-02	1.176091e-03	0.000000e+00	1	1.214620e-02
1.566368e-02	-1.238213e-03	3.560653e-02	1.367667e-04	0.000000e+00	0.000000e+00	3.144393e-02	4.533700e-01	9.976345e-02	6.646096e-02	8.373435e-06	1.694665e-01	1.438802e-01	3.560653e-02	1.101446e-03	0.000000e+00	1	1.213756e-02
1.800271e-02	-1.552316e-03	4.376655e-04	4.336239e-04	0.000000e+00	0.000000e+00	4.124631e-05	6.838384e-01	2.591732e-01	1.125426e-07	3.489401e-05	5.645566e-02	1.886736e-05	4.376655e-04	1.118693e-03	0.000000e+00	1	1.207671e-02
1.770672e-02	-1.536355e-03	7.159342e-04	2.155743e-04	0.000000e+00	0.000000e+00	7.367823e-04	6.811170e-01	2.193426e-01	5.440760e-04	1.705711e-05	9.660785e-02	9.186368e-04	7.159342e-04	1.320780e-03	0.000000e+00	1	1.205838e-02
1.606884e-02	-1.344208e-03	1.430426e-02	1.878296e-04	0.000000e+00	0.000000e+00	1.101926e-03	4.963112e-01	1.278782e-01	5.242148e-02	6.585324e-06	2.232797e-01	8.469669e-02	1.430426e-02	1.156379e-03	0.000000e+00	1	1.200829e-02
1.675395e-02	-1.459478e-03	3.290577e-04	2.390258e-04	0.000000e+00	0.000000e+00	4.782630e-03	5.636845e-01	1.633716e-01	3.979394e-02	7.255348e-05	2.279238e-01	4.183619e-05	3.290577e-04	1.220452e-03	0.000000e+00	1	1.193353e-02
1.565394e-02	-1.233771e-03	3.161311e-02	1.151765e-04	0.000000e+00	0.000000e+00	4.188694e-02	4.314093e-01	1.061027e-01	6.038200e-02	2.212213e-06	1.869938e-01	1.416099e-01	3.161311e-02	1.118595e-03	0.000000e+00	1	1.187817e-02
1.556118e-02	-1.197661e-03	3.701707e-02	5.917951e-05	0.000000e+00	0.000000e+00	5.052985e-02	4.242907e-01	7.948123e-02	5.995469e-02	1.816283e-06	1.857907e-01	1.629340e-01	3.701707e-02	1.138481e-03	0.000000e+00	1	1.186403e-02
1.668736e-02	-1.449456e-03	5.199821e-03	2.276799e-04	0.000000e+00	0.000000e+00	5.225460e-04	5.659005e-01	1.476522e-01	4.978202e-02	4.755866e-06	2.298432e-01	1.095019e-03	5.199821e-03	1.221776e-03	0.000000e+00	1	1.185370e-02
1.765209e-02	-1.533038e-03	2.113520e-03	4.159020e-04	0.000000e+00	0.000000e+00	9.185342e-05	6.561949e-01	2.413663e-01	2.787696e-03	8.795845e-08	9.689604e-02	5.495812e-04	2.113520e-03	1.117136e-03	0.000000e+00	1	1.171230e-02
1.698997e-02	-1.486953e-03	1.703685e-03	2.415435e-04	0.000000e+00	0.000000e+00	1.863368e-04	5.722093e-01	2.039831e-01	8.059680e-03	2.379302e-06	2.138325e-01	2.305472e-05	1.703685e-03	1.245410e-03	0.000000e+00	1	1.168861e-02
1.717623e-02	-1.504145e-03	2.238957e-03	3.879384e-04	0.000000e+00	0.000000e+00	4.207895e-06	6.065774e-01	2.097140e-01	1.325611e-06	3.323023e-08	1.813604e-01	1.037245e-04	2.238957e-03	1.116207e-03	0.000000e+00	1	1.161418e-02
1.749400e-02	-1.524509e-03	2.780097e-03	2.621989e-04	0.000000e+00	0.000000e+00	5.553036e-05	6.528797e-01	2.193426e-01	5.233714e-04	2.090835e-06	1.240158e-01	4.007340e-04	2.780097e-03	1.262310e-03	0.000000e+00	1	1.160760e-02
1.689128e-02	-1.477475e-03	1.142852e-03	3.667124e-04	0.000000e+00	0.000000e+00	3.569341e-04	5.768052e-01	1.735681e-01	1.251254e-02	1.383337e-06	2.356119e-01	1.131050e-06	1.142852e-03	1.110762e-03	0.000000e+00	1	1.160078e-02
1.567756e-02	-1.241458e-03	4.145444e-02	1.346345e-04	0.000000e+00	0.000000e+00	3.144393e-02	4.598446e-01	7.635665e-02	5.145750e-02	8.373435e-06	2.074804e-01	1.319541e-01	4.145444e-02	1.106824e-03	0.000000e+00	1	1.159503e-02
1.547536e-02	-1.142665e-03	5.505810e-02	1.526868e-05	0.000000e+00	0.000000e+00	5.205649e-02	4.042851e-01	6.444216e-02	6.372734e-02	1.270139e-05	1.632662e-01	1.971519e-01	5.505810e-02	1.127397e-03	0.000000e+00	1	1.158391e-02
1.804063e-02	-1.553116e-03	9.008369e-04	3.433844e-04	0.000000e+00	0.000000e+00	7.592718e-04	6.806843e-01	2.676409e-01	7.831429e-04	7.457346e-08	4.922295e-02	8.572354e-06	9.008369e-04	1.209731e-03	0.000000e+00	1	1.158315e-02
1.747762e-02	-1.521753e-03	5.435842e-03	3.466924e-04	0.000000e+00	0.000000e+00	9.282636e-06	6.616665e-01	2.064074e-01	1.683931e-04	5.063740e-06	1.262364e-01	7.110966e-05	5.435842e-03	1.175060e-03	0.000000e+00	1	1.154994e-02
1.755333e-02	-1.527811e-03	7.043044e-04	3.660514e-04	0.000000e+00	0.000000e+00	1.929753e-04	6.796005e-01	1.930515e-01	2.686999e-04	1.336933e-07	1.260912e-01	9.077577e-05	7.043044e-04	1.161760e-03	0.000000e+00	1	1.144196e-02
1.739368e-02	-1.518750e-03	4.348254e-04	2.516813e-04	0.000000e+00	0.000000e+00	1.104263e-04	6.569318e-01	1.938843e-01	3.261242e-03	5.570096e-07	1.453463e-01	3.051134e-05	4.348254e-04	1.267068e-03	0.000000e+00	1	1.142984e-02
1.733818e-02	-1.514951e-03	2.564504e-03	3.999107e-04	0.000000e+00	0.000000e+00	4.286220e-05	6.380406e-01	2.085942e-01	2.699284e-03	2.394315e-08	1.480467e-01	1.182648e-05	2.564504e-03	1.115040e-03	0.000000e+00	1	1.138302e-02
1.805683e-02	-1.554738e-03	4.056267e-04	3.958771e-04	0.000000e+00	0.000000e+00	9.196092e-07	6.811355e-01	2.691284e-01	9.654813e-05	7.457346e-08	4.922295e-02	9.973648e-06	4.056267e-04	1.158861e-03	0.000000e+00	1	1.136935e-02
1.742929e-02	-1.519956e-03	1.466267e-03	4.183214e-04	0.000000e+00	0.000000e+00	1.018778e-04	6.234576e-01	2.407365e-01	1.097488e-03	5.040771e-08	1.310047e-01	2.135412e-03	1.466267e-03	1.101634e-03	0.000000e+00	1	1.127923e-02
1.600697e-02	-1.331161e-03	2.698535e-02	1.345034e-04	0.000000e+00	0.000000e+00	1.080091e-03	4.928793e-01	1.207584e-01	5.151984e-02	4.958386e-08	2.228220e-01	8.395493e-02	2.698535e-02	1.196657e-03	0.000000e+00	1	1.124352e-02
1.635455e-02	-1.397327e-03	5.112633e-03	2.967906e-04	0.000000e+00	0.000000e+00	9.958379e-03	5.315986e-01	1.387023e-01	4.371928e-02	2.619042e-05	2.258149e-01	4.506772e-02	5.112633e-03	1.100537e-03	0.000000e+00	1	1.114277e-02
1.614996e-02	-1.359014e-03	6.145759e-03	1.604203e-04	0.000000e+00	0.000000e+00	2.433700e-03	4.965307e-01	1.378496e-01	6.302621e-02	3.390367e-08	2.205265e-01	7.348753e-02	6.145759e-03	1.198594e-03	0.000000e+00	1	1.112276e-02
1.562355e-02	-1.222999e-03	3.588158e-02	1.071526e-04	0.000000e+00	0.000000e+00	3.389979e-02	4.254464e-01	9.927141e-02	6.038200e-02	1.893953e-06	1.950673e-01	1.500496e-01	3.588158e-02	1.115846e-03	0.000000e+00	1	1.109799e-02
1.563306e-02	-1.227094e-03	2.895121e-02	1.142668e-04	0.000000e+00	0.000000e+00	4.794604e-02	4.394197e-01	9.606728e-02	6.047148e-02	1.366385e-06	1.780147e-01	1.491283e-01	2.895121e-02	1.112827e-03	0.000000e+00	1	1.104337e-02
1.659780e-02	-1.436297e-03	1.013185e-02	2.745946e-04	0.000000e+00	0.000000e+00	1.998749e-04	5.410477e-01	1.466519e-01	4.879536e-02	1.766469e-07	2.524787e-01	6.944707e-04	1.013185e-02	1.161702e-03	0.000000e+00	1	1.101959e-02
1.636878e-02	-1.400199e-03	1.294620e-02	2.348911e-04	0.000000e+00	0.000000e+00	1.026165e-04	5.231884e-01	1.506925e-01	4.932928e-02	1.050655e-08	2.257824e-01	3.795856e-02	1.294620e-02	1.165308e-03	0.000000e+00	1	1.101015e-02
1.605610e-02	-1.340295e-03	3.301832e-02	1.510695e-04	0.000000e+00	0.000000e+00	2.814808e-03	5.074521e-01	1.189482e-01	3.906462e-02	4.782617e-08	2.228220e-01	7.587990e-02	3.301832e-02	1.189225e-03	0.000000e+00	1	1.098818e-02
1.551057e-02	-1.167814e-03	3.916085e-02	6.703061e-05	0.000000e+00	0.000000e+00	5.308646e-02	4.146372e-01	6.093072e-02	7.489230e-02	7.281129e-08	1.777414e-01	1.795510e-01	3.916085e-02	1.100784e-03	0.000000e+00	1	1.097844e-02
1.634412e-02	-1.393606e-03	1.969998e-03	2.040756e-04	0.000000e+00	0.000000e+00	1.753230e-02	5.077805e-01	1.467373e-01	4.948998e-02	1.404721e-05	2.385141e-01	3.796176e-02	1.969998e-03	1.189531e-03	0.000000e+00	1	1.088605e-02
1.632200e-02	-1.392202e-03	1.453613e-02	2.376293e-04	0.000000e+00	0.000000e+00	2.501534e-04	5.271719e-01	1.329595e-01	4.182224e-02	1.227698e-06	2.395615e-01	4.369732e-02	1.453613e-02	1.154572e-03	0.000000e+00	1	1.086770e-02
1.581965e-02	-1.285302e-03	2.266047e-02	1.125170e-04	0.000000e+00	0.000000e+00	1.209453e-02	4.614247e-01	1.134771e-01	5.461801e-02	7.251715e-06	2.138320e-01	1.218860e-01	2.266047e-02	1.172785e-03	0.000000e+00	1	1.085434e-02
1.720448e-02	-1.505759e-03	2.391128e-03	2.910970e-04	0.000000e+00	0.000000e+00	8.639172e-05	6.088706e-01	2.146697e-01	3.018717e-03	7.395874e-07	1.709591e-01	3.604289e-06	2.391128e-03	1.214662e-03	0.000000e+00	1	1.083871e-02
1.822411e-02	-1.560017e-03	2.841276e-03	4.024116e-04	0.000000e+00	0.000000e+00	1.206780e-05	7.074235e-01	2.612601e-01	7.612931e-06	5.003234e-05	2.811836e-02	2.870598e-04	2.841276e-03	1.157606e-03	0.000000e+00	1	1.077556e-02
1.653327e-02	-1.426888e-03	4.268152e-03	3.234790e-04	0.000000e+00	0.000000e+00	1.122493e-05	5.315650e-01	1.540788e-01	4.963229e-02	5.054477e-05	2.428957e-01	1.749834e-02	4.268152e-03	1.103409e-03	0.000000e+00	1	1.072769e-02
1.575403e-02	-1.268257e-03	3.544519e-02	1.682250e-04	0.000000e+00	0.000000e+00	2.107651e-02	4.696789e-01	9.923904e-02	5.808238e-02	5.775012e-07	1.945121e-01	1.219652e-01	3.544519e-02	1.100032e-03	0.000000e+00	1	1.071491e-02
1.573405e-02	-1.262304e-03	3.059882e-02	2.702048e-05	0.000000e+00	0.000000e+00	1.901124e-02	4.629942e-01	9.979028e-02	6.215638e-02	1.819876e-06	1.939817e-01	1.314656e-01	3.059882e-02	1.235284e-03	0.000000e+00	1	1.068796e-02
1.817017e-02	-1.557386e-03	1.274029e-03	3.952897e-04	0.000000e+00	0.000000e+00	1.355300e-03	7.256781e-01	2.302383e-01	1.748075e-04	6.502259e-06	4.125227e-02	2.071605e-05	1.274029e-03	1.162096e-03	0.000000e+00	1	1.068040e-02
1.568707e-02	-1.245427e-03	2.850519e-02	1.298583e-04	0.000000e+00	0.000000e+00	3.144393e-02	4.533700e-01	1.050574e-01	6.740368e-02	3.354814e-06	1.703363e-01	1.438802e-01	2.850519e-02	1.115569e-03	0.000000e+00	1	1.063818e-02
1.564230e-02	-1.230419e-03	3.313192e-02	1.144032e-04	0.000000e+00	0.000000e+00	2.640668e-02	4.487778e-01	7.746756e-02	6.213834e-02	4.962726e-06	2.029401e-01	1.491327e-01	3.313192e-02	1.116016e-03	0.000000e+00	1	1.060508e-02
1.572407e-02	-1.258439e-03	2.352407e-02	8.345034e-05	0.000000e+00	0.000000e+00	3.425065e-02	4.632469e-01	9.645648e-02	6.196432e-02	7.866385e-06	1.870387e-01	1.335110e-01	2.352407e-02	1.174989e-03	0.000000e+00	1	1.059761e-02
1.616076e-02	-1.361785e-03	1.665582e-02	2.597219e-04	0.000000e+00	0.000000e+00	3.583796e-05	5.199363e-01	1.253621e-01	5.971047e-02	6.473409e-07	2.105001e-01	6.779866e-02	1.665582e-02	1.102063e-03	0.000000e+00	1	1.055538e-02
1.658022e-02	-1.433768e-03	9.567277e-03	3.315212e-04	0.000000e+00	0.000000e+00	7.434602e-06	5.349500e-01	1.536007e-01	4.963229e-02	2.830769e-07	2.478073e-01	4.434600e-03	9.567277e-03	1.102246e-03	0.000000e+00	1	1.055011e-02
1.576602e-02	-1.271946e-03	3.209140e-02	1.694585e-04	0.000000e+00	0.000000e+00	2.107651e-02	4.696789e-01	1.016453e-01	5.743848e-02	2.259804e-09	1.961041e-01	1.219652e-01	3.209140e-02	1.102487e-03	0.000000e+00	1	1.047742e-02
1.650998e-02	-1.418447e-03	3.563945e-02	3.126074e-04	0.000000e+00	0.000000e+00	2.905298e-04	5.410477e-01	1.373211e-01	2.961596e-02	1.395665e-07	2.556464e-01	4.387419e-04	3.563945e-02	1.105840e-03	0.000000e+00	1	1.047651e-02
1.587728e-02	-1.301144e-03	2.381519e-02	1.138394e-04	0.000000e+00	0.000000e+00	1.762719e-02	4.832277e-01	1.056201e-01	5.133971e-02	8.237637e-07	2.130972e-01	1.052721e-01	2.381519e-02	1.187304e-03	0.000000e+00	1	1.045118e-02
1.548206e-02	-1.146529e-03	3.988717e-02	4.649470e-05	0.000000e+00	0.000000e+00	5.693013e-02	4.026607e-01	6.073716e-02	7.272924e-02	8.677341e-06	1.678652e-01	1.991817e-01	3.988717e-02	1.100034e-03	0.000000e+00	1	1.030307e-02
1.684660e-02	-1.472330e-03	1.908249e-05	3.479422e-04	0.000000e+00	0.000000e+00	7.668608e-04	5.768052e-01	1.646148e-01	2.217860e-02	1.484669e-06	2.356119e-01	2.052787e-06	1.908249e-05	1.124388e-03	0.000000e+00	1	1.029393e-02
1.796533e-02	-1.549409e-03	4.964393e-04	3.723847e-04	0.000000e+00	0.000000e+00	4.383703e-05	7.020856e-01	2.323014e-01	6.471803e-06	1.362713e-07	6.395017e-02	1.115947e-03	4.964393e-04	1.177025e-03	0.000000e+00	1	1.028552e-02
1.588894e-02	-1.304115e-03	2.186103e-02	1.168104e-04	0.000000e+00	0.000000e+00	1.762719e-02	4.832277e-01	1.097583e-01	5.133971e-02	8.237637e-07	2.109132e-01	1.052721e-01	2.186103e-02	1.187304e-03	0.000000e+00	1	1.024459e-02
1.552387e-02	-1.175417e-03	3.421996e-02	7.479900e-05	0.000000e+00	0.000000e+00	6.086760e-02	4.141820e-01	7.847871e-02	6.999838e-02	7.539202e-08	1.627023e-01	1.795510e-01	3.421996e-02	1.100618e-03	0.000000e+00	1	1.024045e-02
1.839699e-02	-1.568090e-03	6.324039e-04	3.994494e-04	0.000000e+00	0.000000e+00	2.849034e-08	7.033654e-01	2.863072e-01	4.873993e-04	8.309617e-06	8.142651e-03	1.056593e-03	6.324039e-04	1.168641e-03	0.000000e+00	1	1.023180e-02
1.655279e-02	-1.428739e-03	1.779069e-02	2.853498e-04	0.000000e+00	0.000000e+00	1.511196e-06	5.349500e-01	1.494789e-01	4.968650e-02	2.769675e-08	2.475721e-01	5.201875e-04	1.779069e-02	1.143389e-03	0.000000e+00	1	1.022749e-02
1.546774e-02	-1.131220e-03	4.757617e-02	3.072924e-05	0.000000e+00	0.000000e+00	6.257577e-02	3.933453e-01	5.356297e-02	7.677209e-02	1.183172e-09	1.678240e-01	1.983437e-01	4.757617e-02	1.100491e-03	0.000000e+00	1	1.022344e-02
1.545807e-02	-1.114638e-03	5.608250e-02	1.431584e-05	0.000000e+00	0.000000e+00	6.257577e-02	3.919976e-01	5.084342e-02	7.774991e-02	4.934263e-03	1.574729e-01	1.983437e-01	5.608250e-02	1.100322e-03	0.000000e+00	1	1.018617e-02
1.693298e-02	-1.480159e-03	3.284080e-03	2.904909e-04	0.000000e+00	0.000000e+00	4.213328e-04	5.722093e-01	1.964934e-01	1.034635e-02	1.021894e-06	2.142990e-01	2.945522e-03	3.284080e-03	1.189668e-03	0.000000e+00	1	1.015475e-02
1.620718e-02	-1.370553e-03	1.588721e-02	6.927614e-05	0.000000e+00	0.000000e+00	1.866929e-05	5.258346e-01	1.175322e-01	4.312106e-02	1.404721e-05	2.347241e-01	6.286804e-02	1.588721e-02	1.301277e-03	0.000000e+00	1	1.015220e-02
1.825224e-02	-1.563192e-03	2.108869e-04	4.201864e-04	0.000000e+00	0.000000e+00	4.123950e-05	7.100167e-01	2.612601e-01	9.952097e-06	8.349268e-08	2.817400e-02	2.870598e-04	2.108869e-04	1.143006e-03	0.000000e+00	1	1.004142e-02
1.623131e-02	-1.375303e-03	1.701766e-02	1.860779e-04	0.000000e+00	0.000000e+00	4.107444e-04	5.236212e-01	1.207584e-01	4.305496e-02	4.782617e-08	2.396029e-01	5.553403e-02	1.701766e-02	1.189225e-03	0.000000e+00	1	1.003778e-02
1.780176e-02	-1.540294e-03	2.145065e-03	4.400100e-04	0.000000e+00	0.000000e+00	3.098393e-06	6.560118e-01	2.629871e-01	9.610919e-05	2.099306e-06	7.711438e-02	1.640392e-03	2.145065e-03	1.100284e-03	0.000000e+00	1	9.966672e-03
1.744315e-02	-1.521611e-03	9.562901e-04	3.315922e-04	0.000000e+00	0.000000e+00	6.321906e-05	6.263150e-01	2.394935e-01	5.405373e-04	1.430227e-07	1.310047e-01	1.626530e-03	9.562901e-04	1.190018e-03	0.000000e+00	1	9.953208e-03
1.656883e-02	-1.430929e-03	2.210455e-02	3.123637e-04	0.000000e+00	0.000000e+00	2.905298e-04	5.410477e-01	1.478330e-01	3.554793e-02	1.766469e-07	2.524787e-01	6.974316e-04	2.210455e-02	1.118565e-03	0.000000e+00	1	9.931342e-03
1.557269e-02	-1.203077e-03	3.543483e-02	8.991508e-05	0.000000e+00	0.000000e+00	4.738746e-02	4.339250e-01	7.482743e-02	6.035958e-02	1.848488e-06	1.860327e-01	1.620311e-01	3.543483e-02	1.113162e-03	0.000000e+00	1	9.913834e-03
1.578581e-02	-1.276959e-03	3.092316e-02	1.484119e-04	0.000000e+00	0.000000e+00	1.672882e-02	4.614247e-01	1.146161e-01	5.461801e-02	7.251715e-06	1.997960e-01	1.218860e-01	3.092316e-02	1.128547e-03	0.000000e+00	1	9.884651e-03
1.681896e-02	-1.467862e-03	1.240039e-03	1.657498e-04	0.000000e+00	0.000000e+00	2.157932e-05	5.746728e-01	1.526809e-01	1.593053e-02	2.944682e-06	2.544470e-01	1.004260e-03	1.240039e-03	1.302112e-03	0.000000e+00	1	9.857076e-03
1.763332e-02	-1.532332e-03	7.600829e-05	2.802383e-04	0.000000e+00	0.000000e+00	8.911488e-06	6.552654e-01	2.394737e-01	1.029918e-05	5.100327e-06	1.017469e-01	3.413725e-03	7.600829e-05	1.252094e-03	0.000000e+00	1	9.820636e-03
1.691341e-02	-1.478427e-03	3.975352e-03	2.578906e-04	0.000000e+00	0.000000e+00	6.649826e-04	5.660864e-01	1.940754e-01	9.952350e-03	3.474493e-06	2.249587e-01	2.832564e-04	3.975352e-03	1.220536e-03	0.000000e+00	1	9.798683e-03
1.583148e-02	-1.287744e-03	2.985564e-02	1.144016e-04	0.000000e+00	0.000000e+00	5.753308e-04	4.832277e-01	1.031662e-01	5.133971e-02	2.222709e-06	2.060174e-01	1.258158e-01	2.985564e-02	1.173342e-03	0.000000e+00	1	9.754560e-03
1.574389e-02	-1.265360e-03	3.795859e-02	8.914192e-05	0.000000e+00	0.000000e+00	2.231793e-02	4.614247e-01	1.015835e-01	5.747484e-02	7.416698e-06	1.997960e-01	1.194371e-01	3.795859e-02	1.176218e-03	0.000000e+00	1	9.680243e-03
1.560782e-02	-1.216479e-03	3.739160e-02	4.153730e-05	0.000000e+00	0.000000e+00	5.014759e-02	4.284135e-01	9.974170e-02	5.754467e-02	1.513275e-06	1.767098e-01	1.500496e-01	3.739160e-02	1.174942e-03	0.000000e+00	1	9.676433e-03
1.701615e-02	-1.488702e-03	1.510226e-03	3.405523e-04	0.000000e+00	0.000000e+00	7.019727e-06	6.139362e-01	1.547917e-01	7.395699e-04	4.099884e-07	2.289589e-01	5.600013e-05	1.510226e-03	1.148150e-03	0.000000e+00	1	9.621759e-03
1.647117e-02	-1.417228e-03	2.324416e-03	2.794047e-04	0.000000e+00	0.000000e+00	1.005076e-04	5.346384e-01	1.517322e-01	4.948998e-02	7.081139e-05	2.288531e-01	3.279069e-02	2.324416e-03	1.137823e-03	0.000000e+00	1	9.592062e-03
1.561702e-02	-1.219201e-03	3.804560e-02	1.029248e-04	0.000000e+00	0.000000e+00	4.379827e-02	4.254464e-01	1.065224e-01	6.038200e-02	1.510043e-06	1.757543e-01	1.500496e-01	3.804560e-02	1.116277e-03	0.000000e+00	1	9.579859e-03
1.694524e-02	-1.482980e-03	6.720342e-04	1.986481e-04	0.000000e+00	0.000000e+00	2.996148e-05	5.848287e-01	1.684208e-01	3.608236e-05	3.954679e-08	2.460110e-01	1.363568e-06	6.720342e-04	1.284332e-03	0.000000e+00	1	9.573776e-03
1.613384e-02	-1.355562e-03	9.598451e-03	1.450724e-04	0.000000e+00	0.000000e+00	6.683479e-03	4.953106e-01	1.486606e-01	4.975081e-02	1.471024e-05	2.088519e-01	8.112947e-02	9.598451e-03	1.210489e-03	0.000000e+00	1	9.458194e-03
1.591816e-02	-1.304374e-03	5.218976e-02	8.070779e-05	0.000000e+00	0.000000e+00	8.554548e-03	4.657096e-01	1.238241e-01	4.292896e-02	1.010170e-07	2.278195e-01	7.897355e-02	5.218976e-02	1.223666e-03	0.000000e+00	1	9.449345e-03
1.604327e-02	-1.337902e-03	1.393967e-02	1.412444e-04	0.000000e+00	0.000000e+00	4.933917e-04	4.928793e-01	1.207584e-01	6.515224e-02	3.898137e-08	2.228220e-01	8.395493e-02	1.393967e-02	1.196657e-03	0.000000e+00	1	9.393034e-03
1.683326e-02	-1.470403e-03	1.058338e-03	3.250864e-04	0.000000e+00	0.000000e+00	1.041638e-03	5.768052e-01	1.617634e-01	2.217860e-02	1.402171e-06	2.371502e-01	1.292969e-06	1.058338e-03	1.145317e-03	0.000000e+00	1	9.368218e-03
1.583908e-02	-1.291410e-03	2.919036e-02	1.199264e-04	0.000000e+00	0.000000e+00	1.793563e-02	4.832277e-01	1.059137e-01	5.591442e-02	1.108768e-05	1.971848e-01	1.106224e-01	2.919036e-02	1.171484e-03	0.000000e+00	1	9.361814e-03
1.798105e-02	-1.551082e-03	1.673020e-05	3.740576e-04	0.000000e+00	0.000000e+00	2.408655e-05	7.035352e-01	2.323014e-01	6.471803e-06	4.629795e-09	6.395017e-02	1.659497e-04	1.673020e-05	1.177025e-03	0.000000e+00	1	9.319300e-03
1.619341e-02	-1.367082e-03	2.012018e-02	1.565928e-04	0.000000e+00	0.000000e+00	6.683479e-03	5.171068e-01	1.451281e-01	5.203980e-02	4.455971e-07	1.954206e-01	6.350062e-02	2.012018e-02	1.210489e-03	0.000000e+00	1	9.292338e-03
1.706996e-02	-1.496058e-03	2.233802e-04	3.804051e-04	0.000000e+00	0.000000e+00	9.658524e-06	5.896303e-01	2.005132e-01	2.593598e-04	1.372176e-08	2.093523e-01	1.180386e-05	2.233802e-04	1.115652e-03	0.000000e+00	1	9.268905e-03
1.641265e-02	-1.406737e-03	2.358434e-03	3.011456e-04	0.000000e+00	0.000000e+00	1.913229e-05	5.237278e-01	1.551769e-01	3.153996e-02	2.435835e-06	2.375035e-01	4.967195e-02	2.358434e-03	1.105591e-03	0.000000e+00	1	9.258186e-03
1.546212e-02	-1.120606e-03	5.476676e-02	2.014958e-05	0.000000e+00	0.000000e+00	6.165155e-02	3.928032e-01	5.084342e-02	8.256859e-02	1.482311e-03	1.574729e-01	1.984113e-01	5.476676e-02	1.100456e-03	0.000000e+00	1	9.251703e-03
1.571323e-02	-1.252267e-03	5.122620e-02	5.085255e-05	0.000000e+00	0.000000e+00	1.209453e-02	4.513462e-01	9.498982e-02	5.461801e-02	7.251715e-06	2.138320e-01	1.218860e-01	5.122620e-02	1.201415e-03	0.000000e+00	1	9.208731e-03
1.598682e-02	-1.326148e-03	3.059758e-02	1.224957e-04	0.000000e+00	0.000000e+00	2.896725e-05	4.898080e-01	1.160027e-01	5.090411e-02	1.960392e-07	2.287337e-01	8.392478e-02	3.059758e-02	1.203652e-03	0.000000e+00	1	9.206191e-03
1.592368e-02	-1.311060e-03	2.263240e-02	1.980739e-04	0.000000e+00	0.000000e+00	1.985703e-02	4.753624e-01	1.312361e-01	5.679881e-02	2.879054e-06	1.966438e-01	9.746654e-02	2.263240e-02	1.112986e-03	0.000000e+00	1	9.152026e-03
1.622326e-02	-1.371941e-03	2.860309e-02	2.715826e-04	0.000000e+00	0.000000e+00	4.571583e-05	4.971226e-01	1.518095e-01	5.151032e-02	2.619042e-05	2.258149e-01	4.506772e-02	2.860309e-02	1.100358e-03	0.000000e+00	1	9.084998e-03
1.559533e-02	-1.213518e-03	3.866123e-02	1.072519e-04	0.000000e+00	0.000000e+00	3.303963e-02	4.392527e-01	7.948123e-02	6.856706e-02	8.571069e-07	1.858139e-01	1.551833e-01	3.866123e-02	1.106266e-03	0.000000e+00	1	9.069477e-03
1.736018e-02	-1.516668e-03	2.450519e-03	4.121883e-04	0.000000e+00	0.000000e+00	4.051272e-05	6.360458e-01	2.148159e-01	1.669305e-03	6.299496e-07	1.449412e-01	3.614354e-05	2.450519e-03	1.104480e-03	0.000000e+00	1	9.061100e-03
1.662638e-02	-1.440064e-03	1.090610e-02	3.365913e-04	0.000000e+00	0.000000e+00	7.668608e-04	5.305053e-01	1.674956e-01	4.498156e-02	4.047010e-07	2.453437e-01	4.485696e-07	1.090610e-02	1.103473e-03	0.000000e+00	1	9.031222e-03
1.818392e-02	-1.558326e-03	1.102804e-03	3.985939e-04	0.000000e+00	0.000000e+00	1.441042e-04	7.029044e-01	2.609673e-01	4.938070e-03	2.185830e-05	2.991705e-02	4.349980e-06	1.102804e-03	1.159732e-03	0.000000e+00	1	9.031125e-03
1.644889e-02	-1.413259e-03	1.169862e-02	2.961252e-04	0.000000e+00	0.000000e+00	2.433700e-03	5.353404e-01	1.378496e-01	4.408817e-02	3.390367e-08	2.455319e-01	2.305762e-02	1.169862e-02	1.117134e-03	0.000000e+00	1	8.913612e-03
1.612324e-02	-1.354317e-03	1.734508e-02	1.325534e-04	0.000000e+00	0.000000e+00	1.239284e-04	5.036659e-01	1.378496e-01	6.197731e-02	6.944134e-08	2.057261e-01	7.331206e-02	1.734508e-02	1.221763e-03	0.000000e+00	1	8.910176e-03
1.670550e-02	-1.452782e-03	1.505820e-03	3.282282e-04	0.000000e+00	0.000000e+00	7.668608e-04	5.463856e-01	1.674956e-01	4.823177e-02	3.662915e-07	2.356119e-01	2.052787e-06	1.505820e-03	1.124554e-03	0.000000e+00	1	8.887354e-03
1.553710e-02	-1.185655e-03	4.364553e-02	4.193360e-05	0.000000e+00	0.000000e+00	5.293979e-02	4.164027e-01	7.957911e-02	6.190564e-02	1.792401e-05	1.799472e-01	1.655621e-01	4.364553e-02	1.143721e-03	0.000000e+00	1	8.857172e-03
1.661551e-02	-1.438591e-03	1.144705e-02	3.140372e-04	0.000000e+00	0.000000e+00	3.839058e-05	5.467978e-01	1.542968e-01	5.595739e-02	1.794945e-07	2.314611e-01	1.310446e-06	1.144705e-02	1.124554e-03	0.000000e+00	1	8.775540e-03
1.580943e-02	-1.281014e-03	1.314903e-02	1.049287e-04	0.000000e+00	0.000000e+00	2.265549e-02	4.614247e-01	1.017504e-01	6.537724e-02	7.251715e-06	2.138320e-01	1.218039e-01	1.314903e-02	1.176085e-03	0.000000e+00	1	8.753094e-03
1.599796e-02	-1.327179e-03	1.837930e-02	5.011999e-05	0.000000e+00	0.000000e+00	4.829702e-03	4.898080e-01	1.160027e-01	7.341813e-02	1.960392e-07	2.136372e-01	8.392478e-02	1.837930e-02	1.277059e-03	0.000000e+00	1	8.704546e-03
1.672636e-02	-1.455818e-03	8.996133e-03	2.968215e-04	0.000000e+00	0.000000e+00	7.721111e-05	5.575467e-01	1.642922e-01	2.885491e-02	4.745593e-08	2.400341e-01	1.986888e-04	8.996133e-03	1.158997e-03	0.000000e+00	1	8.699561e-03
1.585017e-02	-1.293598e-03	2.160340e-02	1.852307e-04	0.000000e+00	0.000000e+00	1.262808e-02	4.803040e-01	1.146161e-01	5.461801e-02	7.251715e-06	1.943372e-01	1.218860e-01	2.160340e-02	1.108368e-03	0.000000e+00	1	8.695838e-03
1.577852e-02	-1.274255e-03	3.800070e-02	1.593824e-04	0.000000e+00	0.000000e+00	9.642012e-03	4.623836e-01	1.056201e-01	5.121883e-02	6.882494e-08	2.130972e-01	1.200375e-01	3.800070e-02	1.114872e-03	0.000000e+00	1	8.645161e-03
1.602093e-02	-1.334130e-03	2.115361e-02	1.449051e-04	0.000000e+00	0.000000e+00	1.080091e-03	4.928793e-01	1.207584e-01	5.735159e-02	4.782617e-08	2.228220e-01	8.395493e-02	2.115361e-02	1.189225e-03	0.000000e+00	1	8.530500e-03
1.673313e-02	-1.456627e-03	7.960421e-03	3.448990e-04	0.000000e+00	0.000000e+00	5.098428e-04	5.636845e-01	1.636651e-01	3.590546e-02	4.896589e-07	2.281617e-01	1.124029e-04	7.960421e-03	1.111728e-03	0.000000e+00	1	8.497272e-03
1.821415e-02	-1.558996e-03	3.750339e-03	2.529070e-04	0.000000e+00	0.000000e+00	4.133700e-05	7.064838e-01	2.612601e-01	3.294531e-06	5.870321e-08	2.817400e-02	2.870598e-04	3.750339e-03	1.306089e-03	0.000000e+00	1	8.487051e-03
1.571389e-02	-1.255521e-03	2.717208e-02	8.091600e-05	0.000000e+00	0.000000e+00	3.425065e-02	4.632469e-01	9.645648e-02	6.196432e-02	8.365492e-06	1.833902e-01	1.335110e-01	2.717208e-02	1.174605e-03	0.000000e+00	1	8.393878e-03
1.782519e-02	-1.542947e-03	1.337389e-03	4.300281e-04	0.000000e+00	0.000000e+00	4.818705e-05	6.560118e-01	2.653490e-01	1.252063e-04	2.229467e-06	7.711438e-02	1.180386e-05	1.337389e-03	1.112919e-03	0.000000e+00	1	8.370765e-03
1.550951e-02	-1.162210e-03	4.799113e-02	2.237111e-05	0.000000e+00	0.000000e+00	4.637032e-02	4.239672e-01	5.075912e-02	5.591442e-02	5.792637e-06	1.858303e-01	1.891618e-01	4.799113e-02	1.139839e-03	0.000000e+00	1	8.364103e-03
1.784922e-02	-1.544338e-03	1.391156e-03	4.131958e-04	0.000000e+00	0.000000e+00	2.034246e-04	6.832713e-01	2.387085e-01	2.138193e-06	2.217116e-06	7.639031e-02	3.098818e-05	1.391156e-03	1.131142e-03	0.000000e+00	1	8.318056e-03
1.610352e-02	-1.350330e-03	8.577867e-03	1.625575e-04	0.000000e+00	0.000000e+00	3.632581e-06	4.928793e-01	1.359324e-01	5.151984e-02	4.958386e-08	2.255368e-01	8.555015e-02	8.577867e-03	1.187773e-03	0.000000e+00	1	8.313164e-03
1.714688e-02	-1.502236e-03	1.572345e-03	3.549680e-04	0.000000e+00	0.000000e+00	8.387943e-05	6.058462e-01	2.033401e-01	8.583376e-05	3.064394e-07	1.890627e-01	8.635643e-06	1.572345e-03	1.147268e-03	0.000000e+00	1	8.262056e-03
1.579882e-02	-1.280350e-03	2.769746e-02	1.053737e-04	0.000000e+00	0.000000e+00	3.502404e-02	4.707600e-01	1.056201e-01	5.585865e-02	3.158845e-07	1.950362e-01	1.100032e-01	2.769746e-02	1.174976e-03	0.000000e+00	1	8.256477e-03
1.545598e-02	-1.108474e-03	5.486215e-02	8.351619e-06	0.000000e+00	0.000000e+00	6.105928e-02	3.782890e-01	5.065245e-02	8.052224e-02	4.892834e-08	1.634433e-01	2.111716e-01	5.486215e-02	1.100123e-03	0.000000e+00	1	8.231144e-03
1.730991e-02	-1.513465e-03	1.328749e-03	2.707057e-04	0.000000e+00	0.000000e+00	1.104263e-04	6.450315e-01	1.921003e-01	8.686398e-04	3.183810e-05	1.604984e-01	3.014759e-05	1.328749e-03	1.242760e-03	0.000000e+00	1	8.221351e-03
1.596855e-02	-1.322292e-03	3.009496e-02	1.221860e-04	0.000000e+00	0.000000e+00	1.080091e-03	4.928793e-01	1.137737e-01	4.922111e-02	4.958386e-08	2.228220e-01	9.012882e-02	3.009496e-02	1.200106e-03	0.000000e+00	1	8.213664e-03
1.546310e-02	-1.125562e-03	5.808332e-02	2.507125e-05	0.000000e+00	0.000000e+00	6.431103e-02	3.933453e-01	5.356297e-02	6.451714e-02	1.254476e-05	1.678240e-01	1.983437e-01	5.808332e-02	1.100491e-03	0.000000e+00	1	8.172596e-03
1.793868e-02	-1.548047e-03	1.281119e-03	4.312883e-04	0.000000e+00	0.000000e+00	5.132295e-04	6.830921e-01	2.518135e-01	3.187905e-04	4.669647e-09	6.223614e-02	7.451693e-04	1.281119e-03	1.116758e-03	0.000000e+00	1	8.159070e-03
1.550263e-02	-1.161220e-03	3.723567e-02	3.956723e-05	0.000000e+00	0.000000e+00	6.086760e-02	4.145409e-01	5.765525e-02	6.999838e-02	1.527199e-06	1.737605e-01	1.859402e-01	3.723567e-02	1.121652e-03	0.000000e+00	1	8.108766e-03
1.825216e-02	-1.563169e-03	4.548663e-04	3.710260e-04	0.000000e+00	0.000000e+00	3.365991e-06	7.100167e-01	2.612601e-01	7.316119e-06	8.349268e-08	2.817400e-02	8.358995e-05	4.548663e-04	1.192143e-03	0.000000e+00	1	8.066925e-03
1.591909e-02	-1.308268e-03	3.317960e-02	2.082370e-04	0.000000e+00	0.000000e+00	1.893062e-02	4.696789e-01	1.362033e-01	5.808238e-02	2.818115e-07	1.945121e-01	8.941280e-02	3.317960e-02	1.100031e-03	0.000000e+00	1	8.061415e-03
1.586523e-02	-1.298021e-03	2.721587e-02	8.749561e-05	0.000000e+00	0.000000e+00	6.623584e-03	4.805015e-01	1.069294e-01	5.562059e-02	8.661721e-06	2.130972e-01	1.100032e-01	2.721587e-02	1.210525e-03	0.000000e+00	1	7.966422e-03
1.645607e-02	-1.414960e-03	6.138834e-03	1.727841e-04	0.000000e+00	0.000000e+00	1.005076e-04	5.346384e-01	1.514297e-01	4.565995e-02	5.465579e-05	2.288531e-01	3.312495e-02	6.138834e-03	1.242176e-03	0.000000e+00	1	7.942774e-03
1.553010e-02	-1.180648e-03	3.551616e-02	3.443254e-06	0.000000e+00	0.000000e+00	5.472475e-02	4.176447e-01	7.537537e-02	6.166656e-02	2.545757e-04	1.768047e-01	1.780132e-01	3.551616e-02	1.177205e-03	0.000000e+00	1	7.799260e-03
1.737191e-02	-1.518184e-03	1.130958e-03	4.138403e-04	0.000000e+00	0.000000e+00	2.887897e-05	6.371952e-01	2.148159e-01	1.669305e-03	3.146617e-06	1.451393e-01	1.732059e-05	1.130958e-03	1.104343e-03	0.000000e+00	1	7.791399e-03
1.617910e-02	-1.364360e-03	3.052303e-02	2.208761e-04	0.000000e+00	0.000000e+00	1.034089e-02	5.182677e-01	1.242600e-01	4.733847e-02	6.996741e-07	2.223667e-01	4.690261e-02	3.052303e-02	1.143484e-03	0.000000e+00	1	7.789643e-03
1.554131e-02	-1.188296e-03	4.260539e-02	3.893529e-05	0.000000e+00	0.000000e+00	5.293979e-02	4.209216e-01	7.957911e-02	6.169853e-02	1.792401e-05	1.766756e-01	1.655621e-01	4.260539e-02	1.149361e-03	0.000000e+00	1	7.783867e-03
1.725714e-02	-1.510202e-03	2.126537e-03	3.330881e-04	0.000000e+00	0.000000e+00	1.065929e-04	6.243818e-01	2.071966e-01	3.233474e-04	1.923843e-07	1.658581e-01	6.812689e-06	2.126537e-03	1.177114e-03	0.000000e+00	1	7.757042e-03
1.649673e-02	-1.417612e-03	1.353131e-02	2.930578e-04	0.000000e+00	0.000000e+00	1.935903e-02	5.248001e-01	1.542740e-01	5.395644e-02	2.581539e-06	2.307532e-01	3.323332e-03	1.353131e-02	1.124554e-03	0.000000e+00	1	7.752569e-03
1.843364e-02	-1.568367e-03	2.090732e-03	3.114542e-04	0.000000e+00	0.000000e+00	1.269538e-05	6.843856e-01	3.097032e-01	8.295423e-06	5.035976e-05	3.698831e-03	5.025277e-05	2.090732e-03	1.256913e-03	0.000000e+00	1	7.749374e-03
1.603171e-02	-1.335297e-03	3.099079e-02	2.202229e-04	0.000000e+00	0.000000e+00	4.174453e-04	4.987218e-01	1.213301e-01	6.302621e-02	3.390367e-08	2.120261e-01	7.348753e-02	3.099079e-02	1.115074e-03	0.000000e+00	1	7.742637e-03
1.556626e-02	-1.199510e-03	4.786126e-02	4.245767e-05	0.000000e+00	0.000000e+00	5.014759e-02	4.284135e-01	7.652951e-02	5.994274e-02	1.513275e-06	1.870542e-01	1.500496e-01	4.786126e-02	1.157053e-03	0.000000e+00	1	7.699741e-03
1.752107e-02	-1.525857e-03	2.692817e-03	3.796234e-04	0.000000e+00	0.000000e+00	1.522068e-05	6.276696e-01	2.503787e-01	2.375889e-06	2.153382e-06	1.192386e-01	5.459023e-07	2.692817e-03	1.146234e-03	0.000000e+00	1	7.683916e-03
1.638676e-02	-1.402622e-03	3.691877e-04	3.016636e-04	0.000000e+00	0.000000e+00	9.958379e-03	5.280819e-01	1.469884e-01	4.371928e-02	2.168493e-07	2.258149e-01	4.506772e-02	3.691877e-04	1.100958e-03	0.000000e+00	1	7.566007e-03
1.610535e-02	-1.351653e-03	1.826601e-02	1.279875e-04	0.000000e+00	0.000000e+00	2.336609e-04	5.079491e-01	1.238241e-01	4.292896e-02	5.239431e-06	2.278195e-01	7.897355e-02	1.826601e-02	1.223666e-03	0.000000e+00	1	7.537334e-03
1.558343e-02	-1.206119e-03	4.626833e-02	1.009080e-04	0.000000e+00	0.000000e+00	4.846370e-02	4.215963e-01	9.606728e-02	6.047148e-02	1.900905e-06	1.780147e-01	1.491164e-01	4.626833e-02	1.105211e-03	0.000000e+00	1	7.524101e-03
1.752534e-02	-1.526826e-03	1.428462e-03	3.474699e-04	0.000000e+00	0.000000e+00	4.371634e-05	6.277695e-01	2.503787e-01	2.375889e-06	2.063973e-06	1.202849e-01	9.035900e-05	1.428462e-03	1.179356e-03	0.000000e+00	1	7.449512e-03
1.559350e-02	-1.210217e-03	5.286182e-02	9.536127e-05	0.000000e+00	0.000000e+00	4.379827e-02	4.360519e-01	7.741993e-02	6.032098e-02	1.499769e-06	1.909211e-01	1.386245e-01	5.286182e-02	1.114856e-03	0.000000e+00	1	7.392236e-03
1.547509e-02	-1.136770e-03	4.138039e-02	2.528618e-05	0.000000e+00	0.000000e+00	5.209089e-02	3.933453e-01	6.055818e-02	7.835831e-02	1.472978e-07	1.678240e-01	2.064428e-01	4.138039e-02	1.111484e-03	0.000000e+00	1	7.369700e-03
1.809616e-02	-1.555145e-03	1.522995e-03	2.885676e-04	0.000000e+00	0.000000e+00	3.586547e-05	7.029716e-01	2.497712e-01	4.139050e-05	7.919471e-07	4.490297e-02	7.532443e-04	1.522995e-03	1.266577e-03	0.000000e+00	1	7.334399e-03
1.697231e-02	-1.484581e-03	3.971731e-03	3.618261e-04	0.000000e+00	0.000000e+00	1.863368e-04	5.722093e-01	2.020511e-01	7.727903e-03	2.379302e-06	2.138325e-01	1.878891e-05	3.971731e-03	1.122755e-03	0.000000e+00	1	7.157730e-03
1.597204e-02	-1.322594e-03	3.463275e-02	1.224875e-04	0.000000e+00	0.000000e+00	1.325009e-05	4.928793e-01	1.137737e-01	5.097356e-02	3.276485e-06	2.228220e-01	8.490219e-02	3.463275e-02	1.200106e-03	0.000000e+00	1	7.155113e-03
1.547146e-02	-1.136373e-03	5.066136e-02	2.362942e-05	0.000000e+00	0.000000e+00	5.209089e-02	3.933453e-01	6.055818e-02	7.835831e-02	2.004527e-07	1.678240e-01	1.971618e-01	5.066136e-02	1.112743e-03	0.000000e+00	1	7.150160e-03
1.545920e-02	-1.117509e-03	5.953445e-02	1.705260e-05	0.000000e+00	0.000000e+00	6.257577e-02	3.919976e-01	5.084342e-02	7.774991e-02	1.482311e-03	1.574729e-01	1.983437e-01	5.953445e-02	1.100456e-03	0.000000e+00	1	7.048023e-03
1.843785e-02	-1.568987e-03	2.475716e-04	3.237630e-04	0.000000e+00	0.000000e+00	1.825388e-03	6.843856e-01	3.097032e-01	7.018411e-06	5.035976e-05	3.698831e-03	8.199822e-05	2.475716e-04	1.245224e-03	0.000000e+00	1	7.023776e-03
1.809610e-02	-1.555127e-03	1.557393e-03	2.680404e-04	0.000000e+00	0.000000e+00	3.586547e-05	7.029716e-01	2.497712e-01	7.199897e-06	5.843005e-07	4.490297e-02	7.532443e-04	1.557393e-03	1.287087e-03	0.000000e+00	1	6.971477e-03
1.714961e-02	-1.502803e-03	7.937731e-04	3.079383e-04	0.000000e+00	0.000000e+00	1.013034e-05	6.058462e-01	2.033401e-01	3.953402e-04	3.064394e-07	1.896055e-01	8.635643e-06	7.937731e-04	1.194864e-03	0.000000e+00	1	6.918212e-03
1.570210e-02	-1.248736e-03	4.142599e-02	3.101932e-05	0.000000e+00	0.000000e+00	9.210036e-03	4.519003e-01	9.601910e-02	4.577291e-02	2.049808e-04	2.130972e-01	1.423695e-01	4.142599e-02	1.217716e-03	0.000000e+00	1	6.837555e-03
1.546567e-02	-1.127704e-03	5.559266e-02	1.763599e-05	0.000000e+00	0.000000e+00	5.205702e-02	3.880179e-01	5.756709e-02	7.835831e-02	1.448154e-05	1.690673e-01	1.993252e-01	5.559266e-02	1.110068e-03	0.000000e+00	1	6.815310e-03
1.777086e-02	-1.539365e-03	1.754146e-03	4.391081e-04	0.000000e+00	0.000000e+00	1.152685e-03	6.862687e-01	2.230694e-01	2.128705e-04	2.745699e-06	8.747816e-02	6.123207e-05	1.754146e-03	1.100257e-03	0.000000e+00	1	6.763776e-03
1.545447e-02	-1.107493e-03	5.750417e-02	7.370338e-06	0.000000e+00	0.000000e+00	6.105928e-02	3.788261e-01	5.065245e-02	7.734313e-02	3.324660e-10	1.634433e-01	2.111716e-01	5.750417e-02	1.100123e-03	0.000000e+00	1	6.736768e-03
1.781022e-02	-1.542570e-03	4.017363e-04	4.297257e-04	0.000000e+00	0.000000e+00	4.921916e-04	6.558383e-01	2.632495e-01	4.211654e-04	1.562148e-07	7.950908e-02	8.784097e-05	4.017363e-04	1.112844e-03	0.000000e+00	1	6.728304e-03
1.551716e-02	-1.171296e-03	5.436547e-02	8.856763e-06	0.000000e+00	0.000000e+00	5.463485e-02	4.090989e-01	7.165561e-02	7.273959e-02	1.580324e-06	1.767428e-01	1.607612e-01	5.436547e-02	1.162439e-03	0.000000e+00	1	6.715817e-03
1.640337e-02	-1.406149e-03	2.817888e-03	2.379213e-04	0.000000e+00	0.000000e+00	1.005076e-04	5.258346e-01	1.467373e-01	4.948998e-02	1.404721e-05	2.347241e-01	4.028146e-02	2.817888e-03	1.168228e-03	0.000000e+00	1	6.709489e-03
1.776851e-02	-1.539137e-03	2.614051e-03	4.271746e-04	0.000000e+00	0.000000e+00	5.499127e-06	6.862687e-01	2.230694e-01	2.128705e-04	2.745699e-06	8.767830e-02	1.483698e-04	2.614051e-03	1.111963e-03	0.000000e+00	1	6.604484e-03
1.669930e-02	-1.451708e-03	1.446815e-03	3.271539e-04	0.000000e+00	0.000000e+00	2.121288e-03	5.450905e-01	1.674956e-01	4.823177e-02	3.854704e-08	2.356119e-01	2.052787e-06	1.446815e-03	1.124554e-03	0.000000e+00	1	6.568643e-03
1.639024e-02	-1.403943e-03	9.791398e-03	2.186383e-04	0.000000e+00	0.000000e+00	1.026165e-04	5.263432e-01	1.506925e-01	4.932928e-02	1.050655e-08	2.257824e-01	3.795856e-02	9.791398e-03	1.185304e-03	0.000000e+00	1	6.530455e-03
1.553118e-02	-1.181580e-03	4.723902e-02	8.077867e-05	0.000000e+00	0.000000e+00	5.121163e-02	4.163593e-01	7.482743e-02	5.637362e-02	1.834369e-06	1.857931e-01	1.681941e-01	4.723902e-02	1.100802e-03	0.000000e+00	1	6.512741e-03
1.720316e-02	-1.505341e-03	3.341167e-03	2.797822e-04	0.000000e+00	0.000000e+00	8.639172e-05	6.088706e-01	2.146697e-01	1.846922e-03	7.395874e-07	1.711832e-01	1.247694e-06	3.341167e-03	1.225559e-03	0.000000e+00	1	6.419084e-03
1.793123e-02	-1.547078e-03	3.033924e-03	4.222842e-04	0.000000e+00	0.000000e+00	1.512856e-04	6.830921e-01	2.510976e-01	3.187905e-04	3.347138e-08	6.223614e-02	7.018474e-05	3.033924e-03	1.124794e-03	0.000000e+00	1	6.300422e-03
1.731106e-02	-1.513657e-03	1.215274e-03	2.465882e-04	0.000000e+00	0.000000e+00	1.104263e-04	6.450315e-01	1.922451e-01	8.686398e-04	5.570096e-07	1.604984e-01	3.014759e-05	1.215274e-03	1.267068e-03	0.000000e+00	1	6.286406e-03
1.697004e-02	-1.483354e-03	6.489644e-03	2.162858e-04	0.000000e+00	0.000000e+00	3.283560e-03	5.804564e-01	1.938843e-01	1.537294e-03	1.102461e-08	2.143182e-01	3.064163e-05	6.489644e-03	1.267068e-03	0.000000e+00	1	6.210157e-03
1.558788e-02	-1.207757e-03	4.734767e-02	9.492973e-05	0.000000e+00	0.000000e+00	4.794604e-02	4.254464e-01	9.836530e-02	6.047148e-02	1.823319e-06	1.712931e-01	1.491283e-01	4.734767e-02	1.112827e-03	0.000000e+00	1	6.052707e-03
1.569846e-02	-1.248165e-03	4.697390e-02	1.310763e-04	0.000000e+00	0.000000e+00	3.425065e-02	4.632469e-01	9.699457e-02	6.350861e-02	7.866385e-06	1.730582e-01	1.219593e-01	4.697390e-02	1.117089e-03	0.000000e+00	1	6.032713e-03
