
# Generation Number  Best Fitness  Average Fitness  Worst Fitness
 0  0.044142  0.127676  0.195868
 1  0.031987  0.110577  0.188989
 2  0.032124  0.092803  0.185636
 3  0.030652  0.074844  0.136717
 4  0.029683  0.060132  0.113854
 5  0.027868  0.048661  0.098159
 6  0.027489  0.039747  0.073703
 7  0.027528  0.034538  0.070496
 8  0.026949  0.032257  0.055526
 9  0.027384  0.031143  0.042813
 10  0.027208  0.031113  0.042903
 11  0.026701  0.030792  0.043170
 12  0.026715  0.030623  0.040310
 13  0.026863  0.030130  0.039806
 14  0.026926  0.029701  0.038781
 15  0.027010  0.029661  0.039632
 16  0.026954  0.029440  0.036361
 17  0.027055  0.029376  0.040888
 18  0.027094  0.029260  0.033750
 19  0.027035  0.029137  0.035961
 20  0.027113  0.028882  0.034522
 21  0.027080  0.028794  0.034203
 22  0.027129  0.029277  0.035321
 23  0.027131  0.028559  0.032085
 24  0.027122  0.028490  0.032897
 25  0.027016  0.028522  0.033106
 26  0.027040  0.028526  0.033385
 27  0.027117  0.028505  0.032685
 28  0.027083  0.028374  0.030711
 29  0.027244  0.028402  0.030915
 30  0.027158  0.028404  0.030689
 31  0.027322  0.028466  0.030582
 32  0.027271  0.028349  0.029760
 33  0.027650  0.028576  0.030835
 34  0.027789  0.028628  0.033816
 35  0.027935  0.028606  0.031647
 36  0.027795  0.028653  0.031301
 37  0.027827  0.028722  0.031174
 38  0.027921  0.028696  0.030274
 39  0.027883  0.028757  0.031892
 40  0.027890  0.028693  0.031103
 41  0.027700  0.028770  0.031603
 42  0.027979  0.028853  0.033848
 43  0.028009  0.028790  0.031050
 44  0.028039  0.029014  0.034178
 45  0.028027  0.028984  0.033459
 46  0.028049  0.028853  0.030126
 47  0.028089  0.028920  0.031310
 48  0.027961  0.028896  0.031090
 49  0.028182  0.028965  0.031365
 50  0.028102  0.029077  0.032410
 51  0.027869  0.029122  0.034435
 52  0.028362  0.029234  0.031846
 53  0.028236  0.029236  0.033267
 54  0.028053  0.029106  0.032882
 55  0.028318  0.029073  0.033330
 56  0.028320  0.029246  0.031629
 57  0.028401  0.029325  0.032179
 58  0.028327  0.029301  0.031263
 59  0.028477  0.029358  0.032948
 60  0.028555  0.029490  0.031772
 61  0.028442  0.029440  0.030662
 62  0.028370  0.029477  0.032627
 63  0.028418  0.029389  0.030982
 64  0.028166  0.029465  0.031042
 65  0.028501  0.029450  0.031994
 66  0.028436  0.029549  0.032919
 67  0.028628  0.029663  0.034340
 68  0.028858  0.029600  0.033846
 69  0.028605  0.029683  0.031624
 70  0.028647  0.029655  0.031611
 71  0.028507  0.029590  0.033164
 72  0.028445  0.029699  0.032372
 73  0.028603  0.029607  0.030709
 74  0.028694  0.029739  0.031681
 75  0.028889  0.029769  0.031856
 76  0.028843  0.029857  0.031848
 77  0.028931  0.029897  0.031592
 78  0.028969  0.029912  0.032273
 79  0.028773  0.030035  0.031942
 80  0.028765  0.030058  0.035540
 81  0.028556  0.030005  0.031576
 82  0.028591  0.030181  0.038046
 83  0.029000  0.030153  0.034600
 84  0.028978  0.030045  0.031958
 85  0.029022  0.030046  0.031185
 86  0.029332  0.030099  0.031587
 87  0.029174  0.030112  0.031657
 88  0.029091  0.030172  0.032123
 89  0.029170  0.030078  0.031287
 90  0.029005  0.030091  0.031340
 91  0.029224  0.030156  0.031532
 92  0.029024  0.030125  0.031725
 93  0.029049  0.030177  0.032718
 94  0.028964  0.030174  0.031751
 95  0.029256  0.030245  0.032129
 96  0.029196  0.030197  0.034198
 97  0.029496  0.030282  0.031741
 98  0.029366  0.030340  0.032885
 99  0.028867  0.030257  0.031646
 100  0.029144  0.030282  0.035882
 101  0.029142  0.030289  0.037544
 102  0.029178  0.030200  0.031558
 103  0.028859  0.030236  0.031419
 104  0.029476  0.030277  0.031730
 105  0.029332  0.030292  0.031407
 106  0.029333  0.030287  0.032286
 107  0.029309  0.030361  0.032850
 108  0.029197  0.030290  0.032009
 109  0.029265  0.030316  0.031903
 110  0.029182  0.030319  0.032138
 111  0.029100  0.030521  0.037560
 112  0.029125  0.030384  0.032071
 113  0.029455  0.030418  0.031794
 114  0.029453  0.030382  0.031562
 115  0.029580  0.030396  0.032194
 116  0.029443  0.030470  0.033285
 117  0.029154  0.030489  0.031761
 118  0.029191  0.030515  0.032199
 119  0.029354  0.030467  0.032041
 120  0.029434  0.030526  0.032646
 121  0.029592  0.030510  0.032012
 122  0.029609  0.030534  0.032344
 123  0.029378  0.030514  0.032751
 124  0.029239  0.030580  0.032284
 125  0.029589  0.030657  0.033210
 126  0.029817  0.030702  0.031580
 127  0.029338  0.030742  0.032402
 128  0.029328  0.030678  0.032142
 129  0.029940  0.030769  0.032096
 130  0.029915  0.030787  0.031573
 131  0.029761  0.030829  0.033325
 132  0.029280  0.030795  0.032692
 133  0.029271  0.030838  0.032559
 134  0.029756  0.030831  0.032371
 135  0.029518  0.030875  0.033626
 136  0.029922  0.030807  0.032482
 137  0.029885  0.030748  0.032369
 138  0.029900  0.030807  0.032296
 139  0.029811  0.030831  0.031943
 140  0.029815  0.030926  0.032527
 141  0.029848  0.030948  0.033473
 142  0.029896  0.031005  0.032849
 143  0.029641  0.031080  0.033135
 144  0.029880  0.031174  0.033298
 145  0.029967  0.031158  0.033765
 146  0.030007  0.031224  0.032588
 147  0.030079  0.031081  0.032205
 148  0.029740  0.031105  0.032513
 149  0.029825  0.031134  0.032614
 150  0.030155  0.031232  0.033134
 151  0.030263  0.031179  0.033398
 152  0.029675  0.031155  0.032936
 153  0.029793  0.031118  0.032918
 154  0.030196  0.031166  0.032984
 155  0.029853  0.031043  0.032113
 156  0.029956  0.031128  0.033837
 157  0.030028  0.031155  0.033823
 158  0.029749  0.031115  0.032473
 159  0.029891  0.031112  0.032285
 160  0.029885  0.031075  0.032669
 161  0.029339  0.031209  0.037377
 162  0.030119  0.031159  0.032462
 163  0.030240  0.031216  0.032605
 164  0.029928  0.031237  0.032699
 165  0.030082  0.031208  0.032397
 166  0.030133  0.031257  0.032851
 167  0.030162  0.031247  0.032614
 168  0.030404  0.031289  0.032834
 169  0.030254  0.031321  0.033151
 170  0.029788  0.031342  0.033128
 171  0.030183  0.031305  0.032917
 172  0.029883  0.031412  0.035501
 173  0.029994  0.031356  0.032734
 174  0.030136  0.031389  0.033230
 175  0.030215  0.031507  0.033742
 176  0.029384  0.031546  0.035197
 177  0.030279  0.031576  0.034102
 178  0.029958  0.031505  0.033127
 179  0.029578  0.031564  0.033526
 180  0.029756  0.031505  0.035534
 181  0.030290  0.031476  0.032479
 182  0.030298  0.031496  0.033173
 183  0.030317  0.031461  0.033028
 184  0.029648  0.031472  0.033682
 185  0.030401  0.031461  0.032784
 186  0.030190  0.031468  0.032749
 187  0.030341  0.031463  0.032878
 188  0.030457  0.031468  0.032363
 189  0.030509  0.031458  0.034212
 190  0.030142  0.031501  0.033834
 191  0.030319  0.031474  0.032985
 192  0.030462  0.031522  0.034238
 193  0.030531  0.031511  0.032794
 194  0.030455  0.031527  0.033117
 195  0.030608  0.031562  0.033372
 196  0.030007  0.031616  0.034318
 197  0.030176  0.031600  0.033360
 198  0.030549  0.031667  0.033471
 199  0.030420  0.031718  0.033208
 200  0.030286  0.031769  0.033870
 201  0.029971  0.031746  0.033622
 202  0.030353  0.031687  0.033381
 203  0.030294  0.031674  0.034162
 204  0.029858  0.031611  0.035091
 205  0.030391  0.031661  0.035544
 206  0.030398  0.031571  0.032826
 207  0.030488  0.031621  0.033905
 208  0.030063  0.031688  0.034423
 209  0.030310  0.031688  0.033203
 210  0.030134  0.031721  0.033229
 211  0.029669  0.031733  0.033680
 212  0.029696  0.031708  0.033409
 213  0.030148  0.031770  0.033192
 214  0.030021  0.031765  0.033441
 215  0.029791  0.031823  0.033440
 216  0.030658  0.031785  0.033509
 217  0.030400  0.031792  0.036080
 218  0.029899  0.031869  0.034576
 219  0.029973  0.031816  0.034714
 220  0.030219  0.031874  0.034289
 221  0.029954  0.031789  0.033502
 222  0.030186  0.031942  0.034025
 223  0.030269  0.031944  0.036748
 224  0.030221  0.032033  0.033343
 225  0.030462  0.032100  0.033672
 226  0.030240  0.032085  0.034039
 227  0.030211  0.032085  0.034969
 228  0.030408  0.032070  0.034199
 229  0.030121  0.032024  0.034447
 230  0.029931  0.031917  0.036271
 231  0.030102  0.031977  0.033563
 232  0.029974  0.031926  0.034275
 233  0.030693  0.031946  0.033260
 234  0.030244  0.031921  0.033424
 235  0.030223  0.031968  0.034861
 236  0.030161  0.031966  0.033406
 237  0.030364  0.032073  0.033554
 238  0.030209  0.032100  0.034983
 239  0.030156  0.032116  0.034296
 240  0.030705  0.032050  0.034137
 241  0.031006  0.032044  0.033912
 242  0.030980  0.032062  0.033865
 243  0.030601  0.032049  0.033458
 244  0.030964  0.032136  0.034833
 245  0.030580  0.032128  0.034488
 246  0.030850  0.032154  0.033392
 247  0.030950  0.032248  0.033898
 248  0.031015  0.032336  0.033881
 249  0.031108  0.032310  0.033400
 250  0.030920  0.032390  0.033859
 251  0.030676  0.032413  0.034368
 252  0.031324  0.032453  0.033771
 253  0.031292  0.032508  0.033908
 254  0.031413  0.032518  0.034164
 255  0.031154  0.032460  0.036418
 256  0.031074  0.032457  0.034377
 257  0.030998  0.032440  0.035013
 258  0.031177  0.032396  0.033740
 259  0.031183  0.032349  0.033606
 260  0.031095  0.032456  0.034293
 261  0.031095  0.032481  0.034004
 262  0.031018  0.032417  0.033717
 263  0.031336  0.032536  0.035077
 264  0.031133  0.032528  0.034229
 265  0.031017  0.032466  0.033611
 266  0.030999  0.032615  0.040540
 267  0.030802  0.032500  0.034351
 268  0.031531  0.032633  0.034589
 269  0.031174  0.032661  0.035345
 270  0.030954  0.032490  0.034046
 271  0.031009  0.032513  0.034548
 272  0.030365  0.032510  0.036890
 273  0.030339  0.032438  0.033730
 274  0.030459  0.032495  0.033873
 275  0.030988  0.032522  0.034104
 276  0.031140  0.032579  0.035182
 277  0.031183  0.032543  0.033876
 278  0.030899  0.032538  0.034589
 279  0.030785  0.032625  0.034133
 280  0.031610  0.032664  0.034132
 281  0.031808  0.032649  0.033840
 282  0.031433  0.032689  0.034072
 283  0.031349  0.032649  0.034425
 284  0.030729  0.032624  0.034216
 285  0.031203  0.032609  0.034332
 286  0.031408  0.032641  0.034248
 287  0.031429  0.032656  0.033839
 288  0.031372  0.032687  0.033858
 289  0.031675  0.032704  0.034377
 290  0.031626  0.032664  0.034182
 291  0.031648  0.032692  0.034030
 292  0.031252  0.032698  0.035007
 293  0.031285  0.032616  0.034119
 294  0.031266  0.032577  0.034502
 295  0.031423  0.032617  0.034422
 296  0.031288  0.032638  0.033952
 297  0.031514  0.032544  0.033656
 298  0.031034  0.032610  0.034748
 299  0.030803  0.032583  0.033594
 300  0.031230  0.032658  0.034211
 301  0.031421  0.032709  0.034270
 302  0.031361  0.032660  0.033893
 303  0.031302  0.032655  0.035401
 304  0.031149  0.032661  0.034482
 305  0.031482  0.032706  0.033782
 306  0.031636  0.032704  0.033609
 307  0.031770  0.032791  0.034436
 308  0.031438  0.032784  0.033983
 309  0.031454  0.032808  0.034320
 310  0.031431  0.032735  0.033961
 311  0.031787  0.032727  0.033901
 312  0.031762  0.032803  0.034201
 313  0.031591  0.032806  0.034237
 314  0.031413  0.032754  0.033765
 315  0.031560  0.032785  0.033907
 316  0.031592  0.032813  0.034003
 317  0.031415  0.032754  0.033758
 318  0.031444  0.032757  0.034233
 319  0.031379  0.032772  0.034381
 320  0.031545  0.032827  0.034114
 321  0.031713  0.032819  0.034318
 322  0.031639  0.032798  0.033849
 323  0.031845  0.032816  0.034257
 324  0.031604  0.032784  0.033918
 325  0.030929  0.032770  0.036398
 326  0.031530  0.032813  0.033797
 327  0.031822  0.032905  0.034324
 328  0.032114  0.033003  0.034189
 329  0.032254  0.032993  0.034144
 330  0.031616  0.033012  0.034505
 331  0.031813  0.033021  0.034855
 332  0.031901  0.033055  0.034138
 333  0.031893  0.032965  0.034275
 334  0.031633  0.032949  0.034491
 335  0.031347  0.032927  0.035232
 336  0.032024  0.032967  0.034015
 337  0.031952  0.032919  0.034501
 338  0.032228  0.032943  0.034998
 339  0.031796  0.032920  0.034617
 340  0.031746  0.032969  0.034821
 341  0.031684  0.032894  0.034274
 342  0.031735  0.032929  0.034170
 343  0.031814  0.032971  0.033985
 344  0.031923  0.032999  0.034273
 345  0.031806  0.032968  0.034234
 346  0.031891  0.032929  0.034516
 347  0.031855  0.032893  0.034019
 348  0.032031  0.032980  0.034532
 349  0.032024  0.032931  0.034097
 350  0.031723  0.032855  0.033979
 351  0.031039  0.032864  0.034577
 352  0.031725  0.032968  0.034469
 353  0.032027  0.032844  0.034159
 354  0.032023  0.032851  0.034542
 355  0.031846  0.032808  0.034164
 356  0.031193  0.032850  0.034495
 357  0.031911  0.032868  0.034000
 358  0.032044  0.032844  0.033690
 359  0.031525  0.032872  0.034617
 360  0.031526  0.032831  0.034218
 361  0.031463  0.032852  0.034044
 362  0.031463  0.032855  0.034228
 363  0.031463  0.032866  0.034329
 364  0.032129  0.032910  0.033865
 365  0.031995  0.032904  0.034169
 366  0.031899  0.032911  0.034195
 367  0.031908  0.032923  0.034686
 368  0.031885  0.032863  0.034450
 369  0.031743  0.032878  0.033638
 370  0.031807  0.032902  0.035259
 371  0.031543  0.032844  0.033744
 372  0.031694  0.032825  0.034221
 373  0.031731  0.032820  0.034056
 374  0.031584  0.032781  0.034718
 375  0.031783  0.032823  0.034201
 376  0.031745  0.032841  0.034312
 377  0.031621  0.032851  0.034227
 378  0.032122  0.032908  0.034821
 379  0.031480  0.032904  0.034712
 380  0.031367  0.032890  0.034752
 381  0.031193  0.032875  0.034306
 382  0.031260  0.032760  0.034046
 383  0.031260  0.032804  0.034741
 384  0.031921  0.032828  0.033733
 385  0.031603  0.032884  0.034477
 386  0.031603  0.032941  0.034173
 387  0.031710  0.032900  0.034098
 388  0.031517  0.032820  0.035009
 389  0.031623  0.032873  0.034421
 390  0.031899  0.032861  0.034145
 391  0.031706  0.032936  0.034427
 392  0.031054  0.032926  0.034552
 393  0.031757  0.032898  0.035131
 394  0.031618  0.032891  0.034364
 395  0.031859  0.032925  0.034249
 396  0.032272  0.032934  0.034046
 397  0.031890  0.032969  0.034822
 398  0.031886  0.032928  0.033970
 399  0.032249  0.032959  0.033866
 400  0.031948  0.032971  0.034554
 401  0.032030  0.032976  0.033823
 402  0.031610  0.032977  0.034352
 403  0.030909  0.032918  0.035662
 404  0.031682  0.032907  0.034656
 405  0.031705  0.032926  0.035223
 406  0.031467  0.032883  0.035105
 407  0.031723  0.032844  0.034073
 408  0.031770  0.032788  0.033852
 409  0.031814  0.032794  0.033866
 410  0.031333  0.032817  0.033997
 411  0.031378  0.032845  0.034228
 412  0.031683  0.032898  0.034084
 413  0.031807  0.032872  0.034401
 414  0.030995  0.032817  0.033917
 415  0.031923  0.032920  0.033909
 416  0.031323  0.032893  0.035226
 417  0.031589  0.032931  0.033970
 418  0.031693  0.032943  0.034671
 419  0.031808  0.032970  0.034727
 420  0.031828  0.032933  0.034603
 421  0.032022  0.032918  0.033880
 422  0.031742  0.032843  0.034055
 423  0.031231  0.032861  0.034456
 424  0.031696  0.032853  0.034031
 425  0.031902  0.032823  0.034122
 426  0.031837  0.032797  0.034011
 427  0.031574  0.032808  0.034130
 428  0.031170  0.032851  0.034716
 429  0.031735  0.032798  0.034029
 430  0.031148  0.032773  0.033909
 431  0.031775  0.032856  0.036075
 432  0.031605  0.032934  0.035294
 433  0.031643  0.032814  0.034255
 434  0.031456  0.032780  0.034088
 435  0.031084  0.032815  0.034495
 436  0.031552  0.032847  0.035139
 437  0.031438  0.032776  0.035210
 438  0.030806  0.032700  0.035501
 439  0.030518  0.032624  0.033597
 440  0.030540  0.032729  0.034063
 441  0.031733  0.032744  0.033939
 442  0.031775  0.032767  0.034309
 443  0.031876  0.032771  0.034294
 444  0.031165  0.032800  0.033942
 445  0.031748  0.032857  0.034781
 446  0.031761  0.032864  0.033914
 447  0.031554  0.032815  0.034894
 448  0.031716  0.032730  0.034122
 449  0.031618  0.032777  0.033970
 450  0.031222  0.032768  0.034000
 451  0.031734  0.032808  0.033978
 452  0.031905  0.032842  0.034325
 453  0.030754  0.032842  0.034368
 454  0.030327  0.032790  0.036117
 455  0.031698  0.032871  0.034137
 456  0.031406  0.032851  0.034612
 457  0.031360  0.032817  0.033930
 458  0.031246  0.032796  0.034142
 459  0.031250  0.032851  0.034315
 460  0.031499  0.032785  0.034299
 461  0.031770  0.032777  0.034020
 462  0.031551  0.032779  0.034163
 463  0.031105  0.032778  0.034417
 464  0.030844  0.032824  0.034313
 465  0.031253  0.032845  0.034673
 466  0.031554  0.032858  0.034133
 467  0.031752  0.032883  0.034645
 468  0.030647  0.032929  0.036866
 469  0.031236  0.032888  0.034114
 470  0.031572  0.032881  0.034837
 471  0.031312  0.032817  0.034000
 472  0.031539  0.032824  0.033928
 473  0.031819  0.032860  0.034341
 474  0.031935  0.032843  0.033932
 475  0.031419  0.032909  0.035110
 476  0.031495  0.032907  0.033901
 477  0.031651  0.032881  0.034012
 478  0.031655  0.032868  0.034438
 479  0.031557  0.032854  0.033929
 480  0.031630  0.032891  0.035657
 481  0.031794  0.032857  0.034162
 482  0.031436  0.032892  0.034026
 483  0.031886  0.032983  0.034558
 484  0.032044  0.032977  0.034118
 485  0.031633  0.032978  0.034197
 486  0.031646  0.033002  0.036548
 487  0.032059  0.033041  0.034511
 488  0.032079  0.032988  0.034401
 489  0.031783  0.032964  0.034222
 490  0.032289  0.032994  0.034000
 491  0.031906  0.033002  0.034682
 492  0.031740  0.032968  0.034267
 493  0.031902  0.032997  0.034142
 494  0.032101  0.033005  0.034223
 495  0.031958  0.032963  0.034944
 496  0.031635  0.033006  0.034280
 497  0.031868  0.032969  0.034279
 498  0.031996  0.032896  0.034466
 499  0.031753  0.033010  0.034578
 500  0.031905  0.032944  0.034333
 501  0.031842  0.032894  0.034638
 502  0.031821  0.032931  0.034470
 503  0.032048  0.032963  0.034331
 504  0.031616  0.032931  0.034274
 505  0.031748  0.032983  0.035657
 506  0.032085  0.032915  0.034002
 507  0.031943  0.032893  0.034589
 508  0.031855  0.032893  0.034443
 509  0.031586  0.032956  0.034547
 510  0.031462  0.032902  0.034496
 511  0.031806  0.032935  0.034174
 512  0.031983  0.032888  0.034422
 513  0.031577  0.032850  0.033935
 514  0.031854  0.032876  0.034579
 515  0.031619  0.032859  0.034187
 516  0.031440  0.032968  0.034198
 517  0.031561  0.032942  0.034575
 518  0.031522  0.032937  0.034107
 519  0.031179  0.032944  0.034266
 520  0.031300  0.032989  0.035534
 521  0.031465  0.032910  0.034645
 522  0.031673  0.032907  0.034874
 523  0.031610  0.032866  0.033809
 524  0.031388  0.032879  0.034834
 525  0.031601  0.032892  0.033879
 526  0.031614  0.032912  0.034365
 527  0.031506  0.032880  0.035112
 528  0.032030  0.032937  0.034046
 529  0.031660  0.032872  0.034624
 530  0.031916  0.032881  0.033943
 531  0.032010  0.032921  0.033981
 532  0.031879  0.032964  0.035190
 533  0.031768  0.032940  0.033886
 534  0.031631  0.032901  0.034225
 535  0.031597  0.032901  0.035373
 536  0.031695  0.032866  0.033768
 537  0.031550  0.032938  0.035046
 538  0.031652  0.033022  0.034695
 539  0.031075  0.032959  0.034433
 540  0.031075  0.032939  0.033951
 541  0.031715  0.032955  0.034935
 542  0.031467  0.032947  0.035093
 543  0.031382  0.032931  0.033938
 544  0.030853  0.032926  0.034846
 545  0.030831  0.032886  0.033974
 546  0.031635  0.033005  0.035830
 547  0.031279  0.032971  0.034901
 548  0.031127  0.032935  0.035089
 549  0.031108  0.032832  0.034434
 550  0.031467  0.032858  0.034240
 551  0.031476  0.032881  0.034763
 552  0.031355  0.032936  0.034265
 553  0.031306  0.032948  0.034789
 554  0.031419  0.032909  0.034124
 555  0.031902  0.033005  0.033790
 556  0.031574  0.032948  0.034517
 557  0.031641  0.032970  0.034437
 558  0.031987  0.033020  0.034850
 559  0.031921  0.033046  0.034635
 560  0.031922  0.032998  0.033939
 561  0.031759  0.033007  0.034632
 562  0.031430  0.033107  0.034386
 563  0.031497  0.033031  0.034688
 564  0.031482  0.033006  0.034353
 565  0.031379  0.032976  0.034914
 566  0.031380  0.032970  0.034704
 567  0.032062  0.032984  0.034985
 568  0.031787  0.032996  0.034298
 569  0.032068  0.033010  0.034546
 570  0.031768  0.033002  0.034375
 571  0.031698  0.033017  0.034676
 572  0.031501  0.032994  0.034860
 573  0.031672  0.033030  0.034372
 574  0.031757  0.033042  0.034328
 575  0.031616  0.033020  0.034838
 576  0.031978  0.033045  0.034525
 577  0.031551  0.032899  0.034709
 578  0.031006  0.032879  0.034140
 579  0.031312  0.032906  0.034166
 580  0.032011  0.032893  0.033858
 581  0.031603  0.032895  0.034226
 582  0.031784  0.032938  0.034167
 583  0.031163  0.033023  0.035576
 584  0.031739  0.033014  0.034590
 585  0.031395  0.032941  0.034651
 586  0.031844  0.032921  0.033939
 587  0.031753  0.032959  0.033933
 588  0.031753  0.033027  0.034869
 589  0.031600  0.033006  0.033992
 590  0.030825  0.032950  0.036036
 591  0.031199  0.032878  0.034108
 592  0.031668  0.032851  0.034633
 593  0.031608  0.032915  0.034221
 594  0.031611  0.032972  0.034635
 595  0.031493  0.033025  0.034553
 596  0.031514  0.032964  0.034266
 597  0.031668  0.033032  0.034712
 598  0.031532  0.032989  0.034297
 599  0.031385  0.032965  0.034334
 600  0.030891  0.032883  0.034584
 601  0.031481  0.032914  0.034834
 602  0.031810  0.032872  0.034428
 603  0.031031  0.032856  0.034512
 604  0.031638  0.032872  0.034368
 605  0.031468  0.032872  0.034350
 606  0.031524  0.032862  0.033823
 607  0.031524  0.032842  0.034395
 608  0.031575  0.032879  0.034025
 609  0.031910  0.032960  0.034208
 610  0.031746  0.032974  0.033865
 611  0.032198  0.032972  0.034124
 612  0.031920  0.032946  0.033941
 613  0.031798  0.032973  0.034939
 614  0.031727  0.032967  0.034376
 615  0.031761  0.032954  0.034182
 616  0.031700  0.033018  0.034378
 617  0.031965  0.033094  0.034720
 618  0.032125  0.033097  0.034974
 619  0.031924  0.033021  0.034090
 620  0.031848  0.033021  0.035237
 621  0.031744  0.033057  0.034408
 622  0.031559  0.033020  0.033923
 623  0.032060  0.033103  0.034068
 624  0.031847  0.033057  0.034197
 625  0.031468  0.033014  0.034446
 626  0.031199  0.032985  0.034502
 627  0.032123  0.033018  0.034164
 628  0.032086  0.033041  0.034111
 629  0.031554  0.033061  0.034198
 630  0.031407  0.033070  0.034057
 631  0.032031  0.033046  0.034423
 632  0.031927  0.033020  0.033930
 633  0.031739  0.033059  0.034254
 634  0.031662  0.033039  0.034348
 635  0.032219  0.033129  0.034422
 636  0.032153  0.033133  0.034107
 637  0.031989  0.033111  0.034040
 638  0.031855  0.033165  0.034077
 639  0.031177  0.033127  0.035374
 640  0.031142  0.033062  0.034160
 641  0.031155  0.033114  0.034286
 642  0.030950  0.033143  0.034602
 643  0.031249  0.033110  0.036036
 644  0.031161  0.033040  0.034482
 645  0.031529  0.033015  0.035478
 646  0.031832  0.033045  0.033951
 647  0.031867  0.033038  0.035218
 648  0.031752  0.033045  0.034052
 649  0.031538  0.033002  0.034572
 650  0.031428  0.033034  0.035442
 651  0.031289  0.033045  0.034258
 652  0.031291  0.033048  0.034528
 653  0.031595  0.033034  0.034302
 654  0.031317  0.033033  0.034304
 655  0.031320  0.032978  0.034135
 656  0.031749  0.032998  0.034215
 657  0.031748  0.033032  0.034427
 658  0.032116  0.033036  0.034323
 659  0.032110  0.033050  0.034031
 660  0.031762  0.033069  0.034407
 661  0.032088  0.033046  0.034508
 662  0.031770  0.033085  0.034647
 663  0.032220  0.033126  0.034293
 664  0.031714  0.033165  0.036149
 665  0.031453  0.033104  0.034224
 666  0.030493  0.033152  0.037011
 667  0.031585  0.033049  0.035024
 668  0.031738  0.033007  0.034573
 669  0.031689  0.032964  0.034611
 670  0.031213  0.032957  0.034736
 671  0.031859  0.033003  0.034145
 672  0.031774  0.032971  0.034858
 673  0.031252  0.032954  0.034444
 674  0.031586  0.032975  0.034929
 675  0.031771  0.032947  0.034128
 676  0.031791  0.032918  0.033917
 677  0.031706  0.032928  0.034792
 678  0.031460  0.032952  0.034351
 679  0.031842  0.032875  0.033868
 680  0.031648  0.032891  0.034301
 681  0.031412  0.032813  0.034470
 682  0.031963  0.032847  0.034008
 683  0.031479  0.032881  0.035428
 684  0.031080  0.032885  0.035316
 685  0.031785  0.032934  0.034853
 686  0.031801  0.032884  0.034537
 687  0.031814  0.032915  0.034322
 688  0.031849  0.032933  0.034796
 689  0.031682  0.032885  0.034481
 690  0.031104  0.032859  0.039001
 691  0.031455  0.032751  0.034186
 692  0.031937  0.032837  0.034106
 693  0.031937  0.032873  0.034011
 694  0.031682  0.032919  0.034565
 695  0.031623  0.032871  0.034343
 696  0.031140  0.032949  0.033935
 697  0.031693  0.032955  0.034716
 698  0.031630  0.032962  0.034071
 699  0.031731  0.033021  0.034183
 700  0.031596  0.033039  0.033757
 701  0.030889  0.033064  0.034459
 702  0.031963  0.033067  0.034735
 703  0.031852  0.033014  0.034120
 704  0.031919  0.032977  0.034112
 705  0.031922  0.032962  0.034202
 706  0.031976  0.033026  0.034466
 707  0.031841  0.033026  0.034618
 708  0.031848  0.033027  0.035687
 709  0.031430  0.033020  0.034843
 710  0.031664  0.033044  0.035115
 711  0.031879  0.033060  0.034253
 712  0.031545  0.033111  0.035415
 713  0.031490  0.033038  0.034923
 714  0.031549  0.033013  0.034855
 715  0.031623  0.033067  0.034822
 716  0.031627  0.033113  0.034422
 717  0.031765  0.033063  0.034488
 718  0.031648  0.033182  0.035128
 719  0.031796  0.033088  0.035963
 720  0.031940  0.033076  0.034162
 721  0.031926  0.033044  0.034985
 722  0.032077  0.033108  0.034269
 723  0.032049  0.033107  0.035185
 724  0.031991  0.032990  0.034736
 725  0.031913  0.033101  0.034193
 726  0.032016  0.033081  0.034192
 727  0.032184  0.033098  0.033910
 728  0.031897  0.033123  0.034475
 729  0.031854  0.033095  0.034147
 730  0.031148  0.033052  0.034321
 731  0.031049  0.033004  0.036247
 732  0.031572  0.032996  0.034121
 733  0.031556  0.033059  0.034821
 734  0.032090  0.033148  0.035121
 735  0.031830  0.033107  0.034430
 736  0.032300  0.033117  0.034776
 737  0.031757  0.033109  0.034044
 738  0.031422  0.033058  0.034799
 739  0.031560  0.033059  0.034955
 740  0.031730  0.033008  0.034647
 741  0.031946  0.032994  0.034834
 742  0.031784  0.033062  0.033871
 743  0.031728  0.033079  0.034146
 744  0.031437  0.033088  0.034245
 745  0.031309  0.033076  0.036689
 746  0.031201  0.033071  0.036462
 747  0.031003  0.033077  0.037069
 748  0.030720  0.032978  0.034534
 749  0.031060  0.033082  0.035123
 750  0.031861  0.033099  0.034759
 751  0.031803  0.033064  0.035003
 752  0.031855  0.033128  0.034421
 753  0.031953  0.033181  0.034097
 754  0.032140  0.033275  0.034255
 755  0.031745  0.033237  0.035449
 756  0.031130  0.033138  0.035762
 757  0.030997  0.033131  0.034774
 758  0.031020  0.033086  0.034610
 759  0.031078  0.033169  0.036514
 760  0.031462  0.033153  0.034646
 761  0.031465  0.033131  0.034019
 762  0.031465  0.033060  0.034789
 763  0.031196  0.033176  0.035512
 764  0.031980  0.033075  0.034323
 765  0.031958  0.033104  0.034591
 766  0.031414  0.033122  0.035681
 767  0.031471  0.033109  0.034473
 768  0.031407  0.033028  0.034325
 769  0.031436  0.033134  0.035180
 770  0.032144  0.033168  0.034856
 771  0.031753  0.033181  0.035181
 772  0.032199  0.033140  0.034226
 773  0.032126  0.033069  0.034383
 774  0.031394  0.032989  0.034668
 775  0.031874  0.032982  0.034039
 776  0.031610  0.033059  0.034215
 777  0.031464  0.033061  0.034352
 778  0.032141  0.033085  0.034688
 779  0.031862  0.032997  0.034427
 780  0.031731  0.033010  0.034572
 781  0.031586  0.033037  0.034368
 782  0.031339  0.033067  0.034789
 783  0.031844  0.033075  0.034223
 784  0.031896  0.033083  0.035079
 785  0.032041  0.033134  0.035596
 786  0.031635  0.033066  0.034666
 787  0.031872  0.033114  0.034317
 788  0.031453  0.033038  0.034715
 789  0.031706  0.033010  0.034411
 790  0.031196  0.033062  0.034661
 791  0.031745  0.033082  0.034403
 792  0.031314  0.033060  0.034684
 793  0.031345  0.032969  0.034002
 794  0.031449  0.032999  0.034436
 795  0.030855  0.033001  0.034827
 796  0.032001  0.033011  0.034011
 797  0.031999  0.032979  0.034116
 798  0.030657  0.032961  0.036408
 799  0.031429  0.032980  0.034815
 800  0.032010  0.032993  0.034193
 801  0.031545  0.032979  0.034398
 802  0.032116  0.033073  0.034356
 803  0.031942  0.033163  0.034700
 804  0.031938  0.033156  0.034368
 805  0.032236  0.033171  0.035243
 806  0.031752  0.033156  0.035436
 807  0.031799  0.033138  0.035502
 808  0.031968  0.033133  0.034389
 809  0.031822  0.033081  0.034145
 810  0.031404  0.033092  0.034629
 811  0.030826  0.033102  0.034555
 812  0.032051  0.033138  0.034218
 813  0.032174  0.033124  0.033870
 814  0.031282  0.033164  0.034915
 815  0.031135  0.033092  0.034425
 816  0.032179  0.033189  0.034420
 817  0.032114  0.033216  0.034133
 818  0.032142  0.033223  0.034375
 819  0.031989  0.033252  0.034722
 820  0.031780  0.033266  0.034921
 821  0.031490  0.033150  0.034883
 822  0.031992  0.033172  0.035177
 823  0.031542  0.033159  0.035517
 824  0.031787  0.033142  0.034711
 825  0.030490  0.033190  0.040397
 826  0.031834  0.033199  0.035322
 827  0.031789  0.033219  0.034358
 828  0.031536  0.033160  0.034026
 829  0.031907  0.033272  0.034497
 830  0.032084  0.033224  0.034431
 831  0.031996  0.033184  0.034233
 832  0.031649  0.033205  0.035096
 833  0.031730  0.033189  0.035043
 834  0.031796  0.033089  0.034469
 835  0.031867  0.033146  0.034093
 836  0.031542  0.033179  0.035849
 837  0.031426  0.033078  0.035069
 838  0.031863  0.033131  0.035120
 839  0.031613  0.033131  0.034267
 840  0.031291  0.033224  0.034487
 841  0.031293  0.033257  0.034633
 842  0.030844  0.033226  0.034651
 843  0.031591  0.033236  0.035999
 844  0.031610  0.033191  0.035504
 845  0.031620  0.033234  0.034769
 846  0.032077  0.033264  0.035093
 847  0.031636  0.033224  0.035488
 848  0.031157  0.033159  0.034616
 849  0.031205  0.033199  0.034292
 850  0.031107  0.033091  0.034740
 851  0.031016  0.033120  0.035341
 852  0.030965  0.033159  0.035178
 853  0.030977  0.033129  0.035166
 854  0.031288  0.033071  0.034578
 855  0.031409  0.033141  0.035106
 856  0.030956  0.033096  0.036828
 857  0.031816  0.033071  0.034943
 858  0.032026  0.033036  0.034538
 859  0.031951  0.033145  0.034542
 860  0.032266  0.033180  0.034218
 861  0.031908  0.033125  0.034984
 862  0.031786  0.033099  0.034431
 863  0.031788  0.033103  0.034579
 864  0.031795  0.033189  0.035212
 865  0.032004  0.033198  0.034175
 866  0.032187  0.033186  0.034608
 867  0.032138  0.033240  0.034799
 868  0.032141  0.033257  0.034454
 869  0.032152  0.033196  0.034391
 870  0.032120  0.033235  0.035305
 871  0.032135  0.033232  0.034410
 872  0.032114  0.033231  0.035298
 873  0.032116  0.033203  0.034260
 874  0.031653  0.033291  0.035379
 875  0.030688  0.033205  0.037097
 876  0.030688  0.033141  0.034736
 877  0.031841  0.033246  0.036351
 878  0.031969  0.033225  0.036321
 879  0.031202  0.033227  0.037351
 880  0.031272  0.033129  0.034980
 881  0.031892  0.033125  0.034908
 882  0.031940  0.033167  0.035004
 883  0.031907  0.033147  0.034579
 884  0.031756  0.033236  0.035661
 885  0.031969  0.033253  0.034858
 886  0.032008  0.033258  0.034580
 887  0.031726  0.033197  0.034494
 888  0.031583  0.033257  0.035026
 889  0.031670  0.033172  0.034312
 890  0.031698  0.033174  0.034373
 891  0.032026  0.033199  0.035029
 892  0.032335  0.033206  0.034208
 893  0.032263  0.033207  0.035446
 894  0.031958  0.033170  0.034780
 895  0.031820  0.033101  0.034425
 896  0.031764  0.033129  0.034023
 897  0.031586  0.033110  0.034645
 898  0.031531  0.033097  0.035436
 899  0.032262  0.033188  0.034640
 900  0.031892  0.033183  0.034813
 901  0.031605  0.033150  0.034615
 902  0.031658  0.033164  0.034735
 903  0.031447  0.033196  0.035162
 904  0.031511  0.033225  0.034701
 905  0.032275  0.033287  0.035054
 906  0.031699  0.033228  0.035081
 907  0.031934  0.033170  0.034598
 908  0.032101  0.033208  0.034327
 909  0.032023  0.033232  0.034122
 910  0.031969  0.033329  0.034683
 911  0.030632  0.033325  0.036719
 912  0.031958  0.033278  0.034495
 913  0.032113  0.033312  0.034201
 914  0.032237  0.033337  0.034934
 915  0.032110  0.033320  0.034508
 916  0.032246  0.033281  0.034644
 917  0.031822  0.033292  0.034938
 918  0.032225  0.033322  0.034564
 919  0.032038  0.033305  0.035700
 920  0.032046  0.033330  0.035152
 921  0.032131  0.033355  0.035088
 922  0.031870  0.033285  0.035007
 923  0.031786  0.033275  0.034498
 924  0.032358  0.033382  0.034775
 925  0.032505  0.033290  0.034400
 926  0.031881  0.033234  0.034788
 927  0.032168  0.033292  0.034402
 928  0.031685  0.033246  0.035007
 929  0.031837  0.033203  0.035318
 930  0.031530  0.033262  0.034631
 931  0.031498  0.033251  0.035012
 932  0.031217  0.033149  0.034386
 933  0.030699  0.033242  0.037109
 934  0.032022  0.033191  0.034105
 935  0.031476  0.033246  0.035113
 936  0.032406  0.033315  0.034935
 937  0.032389  0.033308  0.034571
 938  0.032010  0.033340  0.035208
 939  0.032179  0.033354  0.034696
 940  0.032177  0.033271  0.034509
 941  0.031863  0.033257  0.034744
 942  0.032426  0.033309  0.035674
 943  0.032305  0.033264  0.035263
 944  0.031325  0.033219  0.035873
 945  0.031928  0.033255  0.034711
 946  0.031679  0.033140  0.035274
 947  0.031595  0.033119  0.034381
 948  0.031800  0.033269  0.034778
 949  0.031838  0.033236  0.034510
 950  0.032322  0.033269  0.034251
 951  0.032224  0.033290  0.034972
 952  0.032354  0.033289  0.035208
 953  0.031833  0.033242  0.035096
 954  0.031783  0.033269  0.035488
 955  0.032040  0.033162  0.034516
 956  0.032166  0.033197  0.034452
 957  0.031564  0.033216  0.035993
 958  0.031361  0.033171  0.034439
 959  0.031370  0.033226  0.034452
 960  0.032202  0.033230  0.034395
 961  0.031747  0.033288  0.034725
 962  0.032218  0.033213  0.034408
 963  0.032184  0.033203  0.034975
 964  0.032097  0.033185  0.034313
 965  0.031996  0.033265  0.035590
 966  0.032250  0.033223  0.034486
 967  0.032112  0.033167  0.034824
 968  0.031713  0.033192  0.035311
 969  0.031712  0.033157  0.034640
 970  0.031893  0.033189  0.034706
 971  0.031885  0.033168  0.035061
 972  0.032032  0.033128  0.034115
 973  0.031572  0.033067  0.034070
 974  0.032409  0.033145  0.034551
 975  0.031799  0.033108  0.034147
 976  0.031476  0.033039  0.034572
 977  0.031240  0.033022  0.034294
 978  0.031664  0.033056  0.034299
 979  0.031921  0.033070  0.034135
 980  0.031740  0.033105  0.034584
 981  0.032131  0.033118  0.034911
 982  0.031819  0.033115  0.034571
 983  0.031516  0.033078  0.034735
 984  0.030829  0.032975  0.034928
 985  0.030913  0.032960  0.034371
 986  0.030899  0.032973  0.034751
 987  0.030737  0.033051  0.034215
 988  0.030817  0.033057  0.034240
 989  0.030811  0.033202  0.034746
 990  0.032034  0.033158  0.035001
 991  0.031988  0.033126  0.034132
 992  0.032036  0.033101  0.034223
 993  0.031948  0.033067  0.034952
 994  0.031933  0.033140  0.034257
 995  0.031809  0.033123  0.034261
 996  0.032117  0.033105  0.035241
 997  0.032299  0.033166  0.034871
 998  0.031832  0.033087  0.035199
 999  0.032077  0.033146  0.034278
 1000  0.031888  0.033109  0.034013
