
# Generation Number  Best Fitness  Average Fitness  Worst Fitness
 0  3.775267  1.932517  0.547030
 1  3.300881  1.766713  0.376958
 2  3.153320  1.579654  0.215657
 3  3.011381  1.362381  0.280370
 4  2.303675  1.182174  0.322393
 5  2.135592  1.034350  0.290898
 6  1.873274  0.923389  0.241526
 7  1.886314  0.833863  0.251590
 8  1.488920  0.773211  0.390758
 9  1.157110  0.764956  0.307805
 10  1.187390  0.799323  0.392872
 11  1.334946  0.839656  0.460673
 12  1.339884  0.846231  0.455215
 13  1.389195  0.885730  0.591228
 14  1.261148  0.902054  0.586589
 15  1.393300  0.934233  0.581018
 16  1.472539  0.960455  0.546706
 17  1.454515  0.984598  0.532928
 18  1.284182  1.002236  0.538110
 19  1.372596  1.028048  0.701942
 20  1.624770  1.040106  0.676045
 21  1.518454  1.054922  0.696410
 22  1.367841  1.071880  0.796852
 23  1.463865  1.088001  0.585050
 24  1.436113  1.102083  0.755261
 25  1.340429  1.106862  0.731433
 26  1.818375  1.136770  0.676090
 27  1.407775  1.148123  0.810996
 28  1.513163  1.158579  0.875230
 29  1.349173  1.170612  0.870024
 30  1.351034  1.185758  0.848462
 31  1.469446  1.205917  0.938772
 32  1.511818  1.210891  0.997731
 33  1.535287  1.211252  0.892740
 34  1.477236  1.221937  1.007077
 35  1.463475  1.224227  0.965305
 36  1.556256  1.232495  1.017295
 37  1.561800  1.238148  0.922926
 38  1.434530  1.243082  0.963156
 39  1.577792  1.256822  0.920141
 40  1.555122  1.262769  0.685213
 41  1.494332  1.264016  0.794923
 42  1.502062  1.264259  1.035906
 43  1.506934  1.282371  1.058016
 44  1.489851  1.290215  1.009133
 45  1.473269  1.296748  1.118636
 46  1.593521  1.311874  1.126444
 47  1.558450  1.320556  1.109749
 48  1.584239  1.318964  1.006057
 49  1.553693  1.322053  1.050255
 50  1.505432  1.328243  1.046073
 51  1.605512  1.337016  1.121080
 52  1.563902  1.344348  1.147622
 53  1.592422  1.350512  1.148242
 54  1.570294  1.353569  1.167056
 55  1.518971  1.364952  1.157843
 56  1.650249  1.369966  1.135331
 57  1.537379  1.367394  1.137499
 58  1.521584  1.374218  1.199646
 59  1.594213  1.379884  1.182707
 60  1.532413  1.383447  1.204789
 61  1.519007  1.392082  1.247911
 62  1.626222  1.399001  1.212027
 63  1.559116  1.402984  1.206294
 64  1.564400  1.402900  1.221286
 65  1.580095  1.411558  1.187160
 66  1.538160  1.408061  1.163398
 67  1.546354  1.412061  1.283771
 68  1.565138  1.417585  1.236693
 69  1.544718  1.418300  1.251840
 70  1.556933  1.418461  1.249693
 71  1.562121  1.415024  1.250721
 72  1.580112  1.421755  1.217427
 73  1.535176  1.421902  1.232327
 74  1.546710  1.429154  1.261602
 75  1.556242  1.434657  1.304678
 76  1.669988  1.440849  1.228542
 77  1.585116  1.438458  1.284619
 78  1.601083  1.438935  1.209707
 79  1.578943  1.446317  1.298767
 80  1.561220  1.443631  1.296660
 81  1.673700  1.443750  1.222148
 82  1.686478  1.448838  1.177175
 83  1.586854  1.451005  1.227279
 84  1.591481  1.451818  1.299100
 85  1.605630  1.451840  1.300008
 86  1.659546  1.448964  1.309152
 87  1.574992  1.451356  1.324091
 88  1.654734  1.456394  1.256722
 89  1.582805  1.460060  1.255815
 90  1.583687  1.460356  1.303117
 91  1.627374  1.462778  1.181681
 92  1.608066  1.460819  1.301059
 93  1.602510  1.462968  1.266654
 94  1.595804  1.460540  1.232577
 95  1.750162  1.466429  1.081732
 96  1.607388  1.465168  1.226817
 97  1.586335  1.468629  1.237786
 98  1.590133  1.469841  1.340782
 99  1.561837  1.470380  1.344124
 100  1.610835  1.473914  1.363480
 101  1.593013  1.474224  1.336915
 102  1.593435  1.476053  1.366855
 103  1.621223  1.474598  1.343512
 104  1.616755  1.472503  1.343626
 105  1.601623  1.468834  1.285521
 106  1.585631  1.473488  1.328460
 107  1.577020  1.477867  1.364438
 108  1.637198  1.480397  1.333181
 109  1.621607  1.478445  1.360234
 110  1.587683  1.475612  1.365842
 111  1.624979  1.478160  1.331990
 112  1.663426  1.476713  1.317024
 113  1.610265  1.473211  1.247012
 114  1.686623  1.475773  1.244371
 115  1.621530  1.477071  1.213855
 116  1.573922  1.475851  1.245283
 117  1.589692  1.482787  1.347815
 118  1.626175  1.486207  1.330261
 119  1.585209  1.483168  1.322620
 120  1.588151  1.482819  1.329033
 121  1.624023  1.485792  1.299521
 122  1.691656  1.488985  1.349837
 123  1.592256  1.483217  1.362366
 124  1.642748  1.487429  1.322378
 125  1.673081  1.489722  1.280685
 126  1.587998  1.488563  1.363578
 127  1.608851  1.490305  1.365616
 128  1.638958  1.488676  1.307246
 129  1.622627  1.488768  1.286656
 130  1.631968  1.490586  1.335002
 131  1.591664  1.487020  1.362149
 132  1.600560  1.490566  1.361749
 133  1.607649  1.492142  1.336964
 134  1.592175  1.486598  1.325844
 135  1.586773  1.491252  1.333577
 136  1.625902  1.493904  1.345675
 137  1.658187  1.494042  1.329991
 138  1.651239  1.489324  1.298022
 139  1.626026  1.491305  1.351277
 140  1.650167  1.490627  1.325549
 141  1.597237  1.491649  1.325637
 142  1.689041  1.494095  1.352362
 143  1.587308  1.497445  1.334400
 144  1.622140  1.500049  1.352076
 145  1.583758  1.495146  1.345693
 146  1.604486  1.493645  1.352681
 147  1.599579  1.495747  1.344234
 148  1.577913  1.495182  1.384776
 149  1.604899  1.495682  1.352989
 150  1.627367  1.497085  1.359611
 151  1.593339  1.495955  1.236479
 152  1.714739  1.494553  1.239197
 153  1.579400  1.492452  1.325704
 154  1.606665  1.493777  1.356518
 155  1.610278  1.495961  1.359818
 156  1.584382  1.492557  1.367861
 157  1.655516  1.495330  1.369558
 158  1.622104  1.496224  1.342249
 159  1.587500  1.495008  1.331467
 160  1.643676  1.501341  1.379632
 161  1.580573  1.495391  1.370441
 162  1.575950  1.496604  1.396525
 163  1.600939  1.500411  1.417007
 164  1.626187  1.502509  1.387694
 165  1.599235  1.501397  1.357746
 166  1.641108  1.499540  1.295301
 167  1.592610  1.492745  1.297305
 168  1.711724  1.495633  1.297498
 169  1.633700  1.502127  1.375788
 170  1.618867  1.504007  1.386152
 171  1.644354  1.502924  1.355827
 172  1.637214  1.501726  1.365681
 173  1.579694  1.502505  1.370000
 174  1.620358  1.503278  1.392325
 175  1.641979  1.500270  1.363093
 176  1.622657  1.499998  1.350958
 177  1.631498  1.499572  1.337329
 178  1.633170  1.499459  1.348111
 179  1.726680  1.499294  1.178950
 180  1.665728  1.496016  1.372188
 181  1.626791  1.500538  1.342048
 182  1.651459  1.499247  1.352201
 183  1.597201  1.495130  1.333948
 184  1.601202  1.497642  1.385402
 185  1.612948  1.501071  1.417743
 186  1.572474  1.498550  1.412127
 187  1.612135  1.501283  1.398887
 188  1.586077  1.503097  1.398830
 189  1.600821  1.504291  1.374367
 190  1.619808  1.503799  1.403409
 191  1.596170  1.499452  1.384241
 192  1.597463  1.503093  1.390103
 193  1.621463  1.504701  1.401792
 194  1.598898  1.499148  1.354434
 195  1.625292  1.498182  1.341896
 196  1.606422  1.499763  1.391780
 197  1.636905  1.502161  1.391197
 198  1.624025  1.501550  1.398285
 199  1.623420  1.501927  1.391169
 200  1.608479  1.503358  1.390290
 201  1.636543  1.502704  1.336931
 202  1.621498  1.501359  1.350255
 203  1.607659  1.499861  1.384372
 204  1.666077  1.499618  1.333142
 205  1.583899  1.499192  1.335470
 206  1.650624  1.495878  1.276427
 207  1.583002  1.492625  1.262293
 208  1.616778  1.494257  1.316080
 209  1.607422  1.497788  1.345743
 210  1.586925  1.499182  1.371233
 211  1.624130  1.501340  1.350886
 212  1.575275  1.497816  1.315261
 213  1.612940  1.498659  1.294453
 214  1.610798  1.496777  1.352711
 215  1.674150  1.499473  1.342685
 216  1.632230  1.502696  1.405381
 217  1.589585  1.502809  1.386678
 218  1.598490  1.501392  1.395144
 219  1.591671  1.498482  1.350282
 220  1.593159  1.496855  1.383735
 221  1.595544  1.497043  1.411824
 222  1.612652  1.500958  1.416530
 223  1.580554  1.496395  1.366554
 224  1.666756  1.499843  1.297566
 225  1.653022  1.498767  1.375372
 226  1.570874  1.504126  1.345949
 227  1.601519  1.506372  1.397971
 228  1.629587  1.502696  1.400670
 229  1.673669  1.499465  1.345341
 230  1.591455  1.497695  1.394710
 231  1.593559  1.497693  1.357495
 232  1.663716  1.496462  1.309548
 233  1.679016  1.498647  1.311947
 234  1.586305  1.496321  1.334541
 235  1.626111  1.496000  1.331170
 236  1.712899  1.498410  1.150417
 237  1.638887  1.493237  1.330636
 238  1.683522  1.493808  1.329008
 239  1.576488  1.492473  1.358049
 240  1.612816  1.492839  1.343831
 241  1.600894  1.495024  1.392066
 242  1.620199  1.498048  1.348923
 243  1.609732  1.498488  1.338446
 244  1.625162  1.495430  1.309350
 245  1.653106  1.495996  1.316010
 246  1.602367  1.495786  1.380403
 247  1.632628  1.499313  1.304251
 248  1.612659  1.499627  1.267792
 249  1.603727  1.499086  1.348508
 250  1.597763  1.495897  1.371968
 251  1.594823  1.497150  1.390378
 252  1.675767  1.498881  1.342934
 253  1.658188  1.495082  1.373271
 254  1.589794  1.498385  1.380223
 255  1.588946  1.498558  1.377108
 256  1.600488  1.500680  1.377505
 257  1.596564  1.500374  1.406198
 258  1.649214  1.502930  1.350086
 259  1.667983  1.499103  1.395284
 260  1.658236  1.500584  1.276630
 261  1.579526  1.501201  1.371945
 262  1.597162  1.500492  1.366174
 263  1.724121  1.500338  1.216377
 264  1.603913  1.499044  1.340485
 265  1.594087  1.500804  1.368749
 266  1.599760  1.502653  1.336614
 267  1.600239  1.499270  1.300648
 268  1.626055  1.497092  1.276558
 269  1.659047  1.499161  1.330635
 270  1.630325  1.502904  1.383462
 271  1.628908  1.500285  1.365322
 272  1.636683  1.504278  1.357865
 273  1.625813  1.502111  1.331239
 274  1.626274  1.503078  1.379107
 275  1.588679  1.498493  1.360881
 276  1.576766  1.500343  1.342711
 277  1.610719  1.500627  1.341753
 278  1.635110  1.500724  1.346654
 279  1.616230  1.506633  1.423554
 280  1.585849  1.506684  1.362553
 281  1.669058  1.507590  1.386255
 282  1.604201  1.505362  1.374703
 283  1.636549  1.502694  1.387632
 284  1.593954  1.503295  1.412611
 285  1.592726  1.500315  1.337827
 286  1.623433  1.500620  1.344879
 287  1.577751  1.499421  1.331027
 288  1.619270  1.496967  1.335860
 289  1.607116  1.496872  1.238783
 290  1.615452  1.493923  1.273123
 291  1.601961  1.494080  1.369096
 292  1.626881  1.501433  1.287988
 293  1.584196  1.499485  1.357572
 294  1.639891  1.496767  1.319887
 295  1.580706  1.496356  1.384586
 296  1.628808  1.496549  1.368872
 297  1.596050  1.495528  1.337326
 298  1.754344  1.495756  1.234926
 299  1.615020  1.502061  1.397328
 300  1.585268  1.499671  1.374147
 301  1.606231  1.504081  1.391659
 302  1.589987  1.503216  1.407755
 303  1.581446  1.506573  1.404859
 304  1.605079  1.508164  1.382024
 305  1.601315  1.502749  1.357459
 306  1.599769  1.503633  1.403570
 307  1.584401  1.504171  1.406879
 308  1.660561  1.506226  1.341042
 309  1.632283  1.505818  1.416900
 310  1.604056  1.507153  1.407819
 311  1.603358  1.504352  1.384852
 312  1.609588  1.502994  1.410796
 313  1.587162  1.497776  1.373174
 314  1.604745  1.495283  1.339966
 315  1.592160  1.491862  1.334267
 316  1.607563  1.488454  1.331287
 317  1.583710  1.496506  1.357582
 318  1.598943  1.494269  1.367636
 319  1.583727  1.498297  1.392889
 320  1.607839  1.500380  1.390812
 321  1.606734  1.500412  1.362031
 322  1.623644  1.501448  1.381529
 323  1.635833  1.501680  1.339891
 324  1.620688  1.500643  1.318791
 325  1.607768  1.497977  1.324470
 326  1.593886  1.499297  1.317130
 327  1.603104  1.496099  1.298406
 328  1.598037  1.500398  1.293937
 329  1.613037  1.497796  1.266887
 330  1.595071  1.499828  1.361221
 331  1.587760  1.500278  1.372530
 332  1.603465  1.500396  1.379711
 333  1.594184  1.500256  1.359100
 334  1.735070  1.498147  1.329721
 335  1.587296  1.496305  1.329697
 336  1.587674  1.500904  1.349496
 337  1.601645  1.497926  1.389455
 338  1.594271  1.499049  1.358714
 339  1.590294  1.500588  1.387054
 340  1.659195  1.498620  1.329757
 341  1.667799  1.498386  1.255025
 342  1.810004  1.500612  1.220806
 343  1.634464  1.494044  1.274017
 344  1.604225  1.499268  1.365099
 345  1.578908  1.503131  1.402679
 346  1.591127  1.504882  1.392365
 347  1.589888  1.504101  1.361552
 348  1.682867  1.501853  1.346021
 349  1.614632  1.502555  1.347001
 350  1.586662  1.498895  1.319553
 351  1.602862  1.497011  1.304667
 352  1.595914  1.497229  1.354723
 353  1.627929  1.498156  1.389732
 354  1.637824  1.499420  1.344580
 355  1.605558  1.498422  1.282688
 356  1.614114  1.498045  1.322203
 357  1.690420  1.495607  1.363900
 358  1.646770  1.496758  1.304461
 359  1.701957  1.497836  1.310146
 360  1.580699  1.500396  1.360478
 361  1.581724  1.500550  1.413249
 362  1.607769  1.497339  1.360244
 363  1.606383  1.502011  1.364010
 364  1.675390  1.503272  1.350610
 365  1.608135  1.502084  1.380730
 366  1.609347  1.500646  1.381670
 367  1.639286  1.498886  1.359685
 368  1.597304  1.496995  1.341561
 369  1.589568  1.499748  1.362870
 370  1.605989  1.498806  1.352877
 371  1.610827  1.497166  1.388155
 372  1.623251  1.498102  1.413233
 373  1.609749  1.499165  1.403663
 374  1.647286  1.498653  1.275841
 375  1.646506  1.497433  1.364071
 376  1.622948  1.491140  1.378899
 377  1.704099  1.490057  1.251035
 378  1.595175  1.485648  1.272598
 379  1.633488  1.488153  1.253271
 380  1.638059  1.494445  1.316453
 381  1.636188  1.494636  1.303326
 382  1.617415  1.495881  1.351705
 383  1.619054  1.494373  1.347031
 384  1.608119  1.495673  1.351564
 385  1.608576  1.495091  1.333594
 386  1.655477  1.493102  1.327579
 387  1.616891  1.496926  1.338815
 388  1.631223  1.492714  1.375412
 389  1.593787  1.494868  1.388114
 390  1.598027  1.498486  1.370988
 391  1.584490  1.498185  1.360511
 392  1.578787  1.499606  1.399985
 393  1.585442  1.502729  1.387341
 394  1.592974  1.498891  1.384336
 395  1.597269  1.504571  1.399348
 396  1.602998  1.503493  1.321749
 397  1.633655  1.500953  1.402835
 398  1.586044  1.503084  1.393454
 399  1.628608  1.503403  1.404686
 400  1.602987  1.501625  1.384986
