

=============================================
             INITIAL REPORT                  
=============================================
 Variable Boundaries :  Rigid
 Population size            : 200
 Total no. of generations   : 400
 Cross over probability     : 0.9000
 Mutation probability (real): 0.5000
 Number of real-coded variables  : 8
 Total Runs to be performed : 1
 Exponent (n for SBX)       :    2.00
 Exponent (n for Mutation)  :  100.00
 Lower and Upper bounds     :
     0.0000   <=   x_real[1]   <=   1.0000
     0.0000   <=   x_real[2]   <=   1.0000
     0.0000   <=   x_real[3]   <=   1.0000
     0.0000   <=   x_real[4]   <=   1.0000
     0.0000   <=   x_real[5]   <=   1.0000
     0.0000   <=   x_real[6]   <=   1.0000
     0.0000   <=   x_real[7]   <=   1.0000
     0.0000   <=   x_real[8]   <=   1.0000
=================================================

Run No. 1 
===================================================
Max =  1.37087  Min =  1.61572   Avg =  1.49615
Mutations (real)= 320513 ; Mutations (binary) = 0 ; Crossovers = 36044
Best ever fitness: 1.533989 (from generation : 384)
Variable vector: Binary | Real -> | 0.000000 0.680367 0.261038 0.000012 0.000000 0.058501 0.000000 0.387631
Constraint value: 0.000083 0.000402 0.000012 0.000224| Overall penalty: 0.000000
===================================================

