

=============================================
             INITIAL REPORT                  
=============================================
 Variable Boundaries :  Rigid
 Population size            : 200
 Total no. of generations   : 400
 Cross over probability     : 0.9000
 Mutation probability (real): 0.5000
 Number of real-coded variables  : 8
 Total Runs to be performed : 1
 Exponent (n for SBX)       :    2.00
 Exponent (n for Mutation)  :  100.00
 Lower and Upper bounds     :
     0.0000   <=   x_real[1]   <=   1.0000
     0.0000   <=   x_real[2]   <=   1.0000
     0.0000   <=   x_real[3]   <=   1.0000
     0.0000   <=   x_real[4]   <=   1.0000
     0.0000   <=   x_real[5]   <=   1.0000
     0.0000   <=   x_real[6]   <=   1.0000
     0.0000   <=   x_real[7]   <=   1.0000
     0.0000   <=   x_real[8]   <=   1.0000
=================================================

Run No. 1 
===================================================
Max =  1.38499  Min =  1.60299   Avg =  1.50162
Mutations (real)= 320513 ; Mutations (binary) = 0 ; Crossovers = 36044
Best ever fitness: 1.534476 (from generation : 380)
Variable vector: Binary | Real -> | 0.000000 0.687184 0.254937 0.000001 0.000000 0.057710 0.000000 0.128247
Constraint value: 0.000168 0.000402 0.000000 0.000046| Overall penalty: 0.000000
===================================================

